<?xml version="1.0" encoding="UTF-8"?>
<robot generator="Robot 6.0.2 (Python 3.10.6 on linux)" generated="20230613 09:23:13.440" rpa="false" schemaversion="3">
<suite id="s1" name="Project1" source="/home/amarnath/Desktop/besquare_2023/Project1/Project1.robot">
<test id="s1-t1" name="TC_01: Create API Token by selecting READ access option on the scopes" line="18">
<kw name="Open Browser" library="SeleniumLibrary">
<arg>https://app.deriv.com</arg>
<arg>chrome</arg>
<doc>Opens a new browser instance to the optional ``url``.</doc>
<msg timestamp="20230613 09:23:13.630" level="INFO">Opening browser 'chrome' to base url 'https://app.deriv.com'.</msg>
<status status="PASS" starttime="20230613 09:23:13.629" endtime="20230613 09:23:19.471"/>
</kw>
<kw name="Maximize Browser Window" library="SeleniumLibrary">
<doc>Maximizes current browser window.</doc>
<status status="PASS" starttime="20230613 09:23:19.472" endtime="20230613 09:23:19.593"/>
</kw>
<kw name="Wait Until Page Contains Element" library="SeleniumLibrary">
<arg>dt_login_button</arg>
<arg>10</arg>
<doc>Waits until the element ``locator`` appears on the current page.</doc>
<status status="PASS" starttime="20230613 09:23:19.594" endtime="20230613 09:23:19.606"/>
</kw>
<kw name="Click Element" library="SeleniumLibrary">
<arg>dt_login_button</arg>
<doc>Click the element identified by ``locator``.</doc>
<msg timestamp="20230613 09:23:19.607" level="INFO">Clicking element 'dt_login_button'.</msg>
<status status="PASS" starttime="20230613 09:23:19.607" endtime="20230613 09:23:22.179"/>
</kw>
<kw name="Wait Until Page Contains Element" library="SeleniumLibrary">
<arg>txtEmail</arg>
<arg>10</arg>
<doc>Waits until the element ``locator`` appears on the current page.</doc>
<status status="PASS" starttime="20230613 09:23:22.179" endtime="20230613 09:23:22.203"/>
</kw>
<kw name="Input Text" library="SeleniumLibrary">
<arg>txtEmail</arg>
<arg>amarnath@besquare.com.my</arg>
<doc>Types the given ``text`` into the text field identified by ``locator``.</doc>
<msg timestamp="20230613 09:23:22.203" level="INFO">Typing text 'amarnath@besquare.com.my' into text field 'txtEmail'.</msg>
<status status="PASS" starttime="20230613 09:23:22.203" endtime="20230613 09:23:22.271"/>
</kw>
<kw name="Input Password" library="SeleniumLibrary">
<arg>txtPass</arg>
<arg>Mikecool911</arg>
<doc>Types the given password into the text field identified by ``locator``.</doc>
<msg timestamp="20230613 09:23:22.272" level="INFO">Typing password into text field 'txtPass'.</msg>
<msg timestamp="20230613 09:23:22.304" level="INFO">Temporally setting log level to: NONE</msg>
<msg timestamp="20230613 09:23:22.336" level="INFO">Log level changed from NONE to INFO.</msg>
<status status="PASS" starttime="20230613 09:23:22.271" endtime="20230613 09:23:22.336"/>
</kw>
<kw name="Click Element" library="SeleniumLibrary">
<arg>//button[@name="login"]</arg>
<doc>Click the element identified by ``locator``.</doc>
<msg timestamp="20230613 09:23:22.337" level="INFO">Clicking element '//button[@name="login"]'.</msg>
<status status="PASS" starttime="20230613 09:23:22.336" endtime="20230613 09:23:30.655"/>
</kw>
<kw name="Wait Until Element Is Visible" library="SeleniumLibrary">
<arg>${account_settings}</arg>
<arg>10</arg>
<doc>Waits until the element ``locator`` is visible.</doc>
<status status="PASS" starttime="20230613 09:23:30.655" endtime="20230613 09:23:30.680"/>
</kw>
<kw name="Click Element" library="SeleniumLibrary">
<arg>${account_settings}</arg>
<doc>Click the element identified by ``locator``.</doc>
<msg timestamp="20230613 09:23:30.680" level="INFO">Clicking element '//a[@class="trading-hub-header__setting"]'.</msg>
<status status="PASS" starttime="20230613 09:23:30.680" endtime="20230613 09:23:30.762"/>
</kw>
<kw name="Wait Until Element Is Visible" library="SeleniumLibrary">
<arg>${API_Token_menu}</arg>
<arg>10</arg>
<doc>Waits until the element ``locator`` is visible.</doc>
<status status="PASS" starttime="20230613 09:23:30.763" endtime="20230613 09:23:32.581"/>
</kw>
<kw name="Click Element" library="SeleniumLibrary">
<arg>${API_Token_menu}</arg>
<doc>Click the element identified by ``locator``.</doc>
<msg timestamp="20230613 09:23:32.582" level="INFO">Clicking element '//a[@href="/account/api-token"]'.</msg>
<status status="PASS" starttime="20230613 09:23:32.581" endtime="20230613 09:23:32.663"/>
</kw>
<kw name="Wait Until Element Is Visible" library="SeleniumLibrary">
<arg>${read}</arg>
<doc>Waits until the element ``locator`` is visible.</doc>
<status status="PASS" starttime="20230613 09:23:32.663" endtime="20230613 09:23:33.141"/>
</kw>
<kw name="Click Element" library="SeleniumLibrary">
<arg>${read}</arg>
<doc>Click the element identified by ``locator``.</doc>
<msg timestamp="20230613 09:23:33.142" level="INFO">Clicking element '//*[@name="read"]//parent::label'.</msg>
<status status="PASS" starttime="20230613 09:23:33.142" endtime="20230613 09:23:33.195"/>
</kw>
<kw name="Wait Until Element Is Visible" library="SeleniumLibrary">
<arg>${token_input}</arg>
<arg>10</arg>
<doc>Waits until the element ``locator`` is visible.</doc>
<status status="PASS" starttime="20230613 09:23:33.195" endtime="20230613 09:23:33.216"/>
</kw>
<kw name="Input Text" library="SeleniumLibrary">
<arg>${token_input}</arg>
<arg>test</arg>
<doc>Types the given ``text`` into the text field identified by ``locator``.</doc>
<msg timestamp="20230613 09:23:33.217" level="INFO">Typing text 'test' into text field '//*[@name='token_name']'.</msg>
<status status="PASS" starttime="20230613 09:23:33.216" endtime="20230613 09:23:33.332"/>
</kw>
<kw name="Wait Until Element Is Visible" library="SeleniumLibrary">
<arg>${create}</arg>
<arg>10</arg>
<doc>Waits until the element ``locator`` is visible.</doc>
<status status="PASS" starttime="20230613 09:23:33.332" endtime="20230613 09:23:33.351"/>
</kw>
<kw name="Click Element" library="SeleniumLibrary">
<arg>${create}</arg>
<doc>Click the element identified by ``locator``.</doc>
<msg timestamp="20230613 09:23:33.352" level="INFO">Clicking element '//button[@class="dc-btn dc-btn__effect dc-btn--primary dc-btn__large dc-btn__button-group da-api-token__button"]'.</msg>
<status status="PASS" starttime="20230613 09:23:33.352" endtime="20230613 09:23:33.405"/>
</kw>
<kw name="Sleep" library="BuiltIn">
<arg>10</arg>
<doc>Pauses the test executed for the given time.</doc>
<msg timestamp="20230613 09:23:43.406" level="INFO">Slept 10 seconds</msg>
<status status="PASS" starttime="20230613 09:23:33.405" endtime="20230613 09:23:43.406"/>
</kw>
<status status="PASS" starttime="20230613 09:23:13.628" endtime="20230613 09:23:43.406"/>
</test>
<test id="s1-t2" name="TC_02: Create API Token by selecting all access on the scopes" line="39">
<kw name="Open Browser" library="SeleniumLibrary">
<arg>https://app.deriv.com</arg>
<arg>chrome</arg>
<doc>Opens a new browser instance to the optional ``url``.</doc>
<msg timestamp="20230613 09:23:43.409" level="INFO">Opening browser 'chrome' to base url 'https://app.deriv.com'.</msg>
<status status="PASS" starttime="20230613 09:23:43.408" endtime="20230613 09:23:50.266"/>
</kw>
<kw name="Maximize Browser Window" library="SeleniumLibrary">
<doc>Maximizes current browser window.</doc>
<status status="PASS" starttime="20230613 09:23:50.266" endtime="20230613 09:23:50.401"/>
</kw>
<kw name="Wait Until Page Contains Element" library="SeleniumLibrary">
<arg>dt_login_button</arg>
<arg>10</arg>
<doc>Waits until the element ``locator`` appears on the current page.</doc>
<status status="PASS" starttime="20230613 09:23:50.402" endtime="20230613 09:23:50.458"/>
</kw>
<kw name="Click Element" library="SeleniumLibrary">
<arg>dt_login_button</arg>
<doc>Click the element identified by ``locator``.</doc>
<msg timestamp="20230613 09:23:50.459" level="INFO">Clicking element 'dt_login_button'.</msg>
<status status="PASS" starttime="20230613 09:23:50.458" endtime="20230613 09:23:52.818"/>
</kw>
<kw name="Wait Until Page Contains Element" library="SeleniumLibrary">
<arg>txtEmail</arg>
<arg>10</arg>
<doc>Waits until the element ``locator`` appears on the current page.</doc>
<status status="PASS" starttime="20230613 09:23:52.818" endtime="20230613 09:23:52.843"/>
</kw>
<kw name="Input Text" library="SeleniumLibrary">
<arg>txtEmail</arg>
<arg>amarnath@besquare.com.my</arg>
<doc>Types the given ``text`` into the text field identified by ``locator``.</doc>
<msg timestamp="20230613 09:23:52.844" level="INFO">Typing text 'amarnath@besquare.com.my' into text field 'txtEmail'.</msg>
<status status="PASS" starttime="20230613 09:23:52.843" endtime="20230613 09:23:52.912"/>
</kw>
<kw name="Input Password" library="SeleniumLibrary">
<arg>txtPass</arg>
<arg>Mikecool911</arg>
<doc>Types the given password into the text field identified by ``locator``.</doc>
<msg timestamp="20230613 09:23:52.913" level="INFO">Typing password into text field 'txtPass'.</msg>
<msg timestamp="20230613 09:23:52.943" level="INFO">Temporally setting log level to: NONE</msg>
<msg timestamp="20230613 09:23:52.969" level="INFO">Log level changed from NONE to INFO.</msg>
<status status="PASS" starttime="20230613 09:23:52.912" endtime="20230613 09:23:52.969"/>
</kw>
<kw name="Click Element" library="SeleniumLibrary">
<arg>//button[@name="login"]</arg>
<doc>Click the element identified by ``locator``.</doc>
<msg timestamp="20230613 09:23:52.969" level="INFO">Clicking element '//button[@name="login"]'.</msg>
<status status="PASS" starttime="20230613 09:23:52.969" endtime="20230613 09:23:58.816"/>
</kw>
<kw name="Wait Until Element Is Visible" library="SeleniumLibrary">
<arg>${account_settings}</arg>
<arg>10</arg>
<doc>Waits until the element ``locator`` is visible.</doc>
<status status="PASS" starttime="20230613 09:23:58.817" endtime="20230613 09:23:58.845"/>
</kw>
<kw name="Click Element" library="SeleniumLibrary">
<arg>${account_settings}</arg>
<doc>Click the element identified by ``locator``.</doc>
<msg timestamp="20230613 09:23:58.846" level="INFO">Clicking element '//a[@class="trading-hub-header__setting"]'.</msg>
<status status="PASS" starttime="20230613 09:23:58.845" endtime="20230613 09:23:58.942"/>
</kw>
<kw name="Wait Until Element Is Visible" library="SeleniumLibrary">
<arg>${API_Token_menu}</arg>
<arg>10</arg>
<doc>Waits until the element ``locator`` is visible.</doc>
<status status="PASS" starttime="20230613 09:23:58.942" endtime="20230613 09:24:00.186"/>
</kw>
<kw name="Click Element" library="SeleniumLibrary">
<arg>${API_Token_menu}</arg>
<doc>Click the element identified by ``locator``.</doc>
<msg timestamp="20230613 09:24:00.186" level="INFO">Clicking element '//a[@href="/account/api-token"]'.</msg>
<status status="PASS" starttime="20230613 09:24:00.186" endtime="20230613 09:24:00.277"/>
</kw>
<kw name="Wait Until Element Is Visible" library="SeleniumLibrary">
<arg>${read}</arg>
<arg>10</arg>
<doc>Waits until the element ``locator`` is visible.</doc>
<status status="PASS" starttime="20230613 09:24:00.277" endtime="20230613 09:24:00.936"/>
</kw>
<kw name="Click Element" library="SeleniumLibrary">
<arg>${read}</arg>
<doc>Click the element identified by ``locator``.</doc>
<msg timestamp="20230613 09:24:00.937" level="INFO">Clicking element '//*[@name="read"]//parent::label'.</msg>
<status status="PASS" starttime="20230613 09:24:00.936" endtime="20230613 09:24:00.998"/>
</kw>
<kw name="Click Element" library="SeleniumLibrary">
<arg>${trade}</arg>
<doc>Click the element identified by ``locator``.</doc>
<msg timestamp="20230613 09:24:00.999" level="INFO">Clicking element '//*[@name="trade"]//parent::label'.</msg>
<status status="PASS" starttime="20230613 09:24:00.999" endtime="20230613 09:24:01.060"/>
</kw>
<kw name="Click Element" library="SeleniumLibrary">
<arg>${trading_information}</arg>
<doc>Click the element identified by ``locator``.</doc>
<msg timestamp="20230613 09:24:01.060" level="INFO">Clicking element '//*[@name="trading_information"]//parent::label'.</msg>
<status status="PASS" starttime="20230613 09:24:01.060" endtime="20230613 09:24:01.118"/>
</kw>
<kw name="Click Element" library="SeleniumLibrary">
<arg>${payments}</arg>
<doc>Click the element identified by ``locator``.</doc>
<msg timestamp="20230613 09:24:01.119" level="INFO">Clicking element '//*[@name="payments"]//parent::label'.</msg>
<status status="PASS" starttime="20230613 09:24:01.118" endtime="20230613 09:24:01.192"/>
</kw>
<kw name="Click Element" library="SeleniumLibrary">
<arg>${admin}</arg>
<doc>Click the element identified by ``locator``.</doc>
<msg timestamp="20230613 09:24:01.193" level="INFO">Clicking element '//*[@name="admin"]//parent::label'.</msg>
<status status="PASS" starttime="20230613 09:24:01.192" endtime="20230613 09:24:01.283"/>
</kw>
<kw name="Wait Until Element Is Visible" library="SeleniumLibrary">
<arg>${token_input}</arg>
<arg>10</arg>
<doc>Waits until the element ``locator`` is visible.</doc>
<status status="PASS" starttime="20230613 09:24:01.283" endtime="20230613 09:24:01.310"/>
</kw>
<kw name="Input Text" library="SeleniumLibrary">
<arg>${token_input}</arg>
<arg>test</arg>
<doc>Types the given ``text`` into the text field identified by ``locator``.</doc>
<msg timestamp="20230613 09:24:01.311" level="INFO">Typing text 'test' into text field '//*[@name='token_name']'.</msg>
<status status="PASS" starttime="20230613 09:24:01.311" endtime="20230613 09:24:01.467"/>
</kw>
<kw name="Wait Until Element Is Visible" library="SeleniumLibrary">
<arg>${create}</arg>
<arg>10</arg>
<doc>Waits until the element ``locator`` is visible.</doc>
<status status="PASS" starttime="20230613 09:24:01.468" endtime="20230613 09:24:01.520"/>
</kw>
<kw name="Click Element" library="SeleniumLibrary">
<arg>${create}</arg>
<doc>Click the element identified by ``locator``.</doc>
<msg timestamp="20230613 09:24:01.521" level="INFO">Clicking element '//button[@class="dc-btn dc-btn__effect dc-btn--primary dc-btn__large dc-btn__button-group da-api-token__button"]'.</msg>
<status status="PASS" starttime="20230613 09:24:01.520" endtime="20230613 09:24:01.605"/>
</kw>
<kw name="Sleep" library="BuiltIn">
<arg>20</arg>
<doc>Pauses the test executed for the given time.</doc>
<msg timestamp="20230613 09:24:21.606" level="INFO">Slept 20 seconds</msg>
<status status="PASS" starttime="20230613 09:24:01.605" endtime="20230613 09:24:21.606"/>
</kw>
<status status="PASS" starttime="20230613 09:23:43.407" endtime="20230613 09:24:21.606"/>
</test>
<test id="s1-t3" name="TC_03: Create API Token by selecting TRADE access on the scopes" line="64">
<kw name="Open Browser" library="SeleniumLibrary">
<arg>https://app.deriv.com</arg>
<arg>chrome</arg>
<doc>Opens a new browser instance to the optional ``url``.</doc>
<msg timestamp="20230613 09:24:21.609" level="INFO">Opening browser 'chrome' to base url 'https://app.deriv.com'.</msg>
<status status="PASS" starttime="20230613 09:24:21.608" endtime="20230613 09:24:27.181"/>
</kw>
<kw name="Maximize Browser Window" library="SeleniumLibrary">
<doc>Maximizes current browser window.</doc>
<status status="PASS" starttime="20230613 09:24:27.181" endtime="20230613 09:24:27.306"/>
</kw>
<kw name="Wait Until Page Contains Element" library="SeleniumLibrary">
<arg>dt_login_button</arg>
<arg>10</arg>
<doc>Waits until the element ``locator`` appears on the current page.</doc>
<status status="PASS" starttime="20230613 09:24:27.306" endtime="20230613 09:24:27.325"/>
</kw>
<kw name="Click Element" library="SeleniumLibrary">
<arg>dt_login_button</arg>
<doc>Click the element identified by ``locator``.</doc>
<msg timestamp="20230613 09:24:27.325" level="INFO">Clicking element 'dt_login_button'.</msg>
<status status="PASS" starttime="20230613 09:24:27.325" endtime="20230613 09:24:29.522"/>
</kw>
<kw name="Wait Until Page Contains Element" library="SeleniumLibrary">
<arg>txtEmail</arg>
<arg>10</arg>
<doc>Waits until the element ``locator`` appears on the current page.</doc>
<status status="PASS" starttime="20230613 09:24:29.523" endtime="20230613 09:24:29.545"/>
</kw>
<kw name="Input Text" library="SeleniumLibrary">
<arg>txtEmail</arg>
<arg>amarnath@besquare.com.my</arg>
<doc>Types the given ``text`` into the text field identified by ``locator``.</doc>
<msg timestamp="20230613 09:24:29.546" level="INFO">Typing text 'amarnath@besquare.com.my' into text field 'txtEmail'.</msg>
<status status="PASS" starttime="20230613 09:24:29.546" endtime="20230613 09:24:29.620"/>
</kw>
<kw name="Input Password" library="SeleniumLibrary">
<arg>txtPass</arg>
<arg>Mikecool911</arg>
<doc>Types the given password into the text field identified by ``locator``.</doc>
<msg timestamp="20230613 09:24:29.621" level="INFO">Typing password into text field 'txtPass'.</msg>
<msg timestamp="20230613 09:24:29.651" level="INFO">Temporally setting log level to: NONE</msg>
<msg timestamp="20230613 09:24:29.683" level="INFO">Log level changed from NONE to INFO.</msg>
<status status="PASS" starttime="20230613 09:24:29.620" endtime="20230613 09:24:29.683"/>
</kw>
<kw name="Click Element" library="SeleniumLibrary">
<arg>//button[@name="login"]</arg>
<doc>Click the element identified by ``locator``.</doc>
<msg timestamp="20230613 09:24:29.684" level="INFO">Clicking element '//button[@name="login"]'.</msg>
<status status="PASS" starttime="20230613 09:24:29.684" endtime="20230613 09:24:34.089"/>
</kw>
<kw name="Wait Until Element Is Visible" library="SeleniumLibrary">
<arg>${account_settings}</arg>
<arg>10</arg>
<doc>Waits until the element ``locator`` is visible.</doc>
<status status="PASS" starttime="20230613 09:24:34.089" endtime="20230613 09:24:34.112"/>
</kw>
<kw name="Click Element" library="SeleniumLibrary">
<arg>${account_settings}</arg>
<doc>Click the element identified by ``locator``.</doc>
<msg timestamp="20230613 09:24:34.112" level="INFO">Clicking element '//a[@class="trading-hub-header__setting"]'.</msg>
<status status="PASS" starttime="20230613 09:24:34.112" endtime="20230613 09:24:34.205"/>
</kw>
<kw name="Wait Until Element Is Visible" library="SeleniumLibrary">
<arg>${API_Token_menu}</arg>
<arg>10</arg>
<doc>Waits until the element ``locator`` is visible.</doc>
<status status="PASS" starttime="20230613 09:24:34.205" endtime="20230613 09:24:35.379"/>
</kw>
<kw name="Click Element" library="SeleniumLibrary">
<arg>${API_Token_menu}</arg>
<doc>Click the element identified by ``locator``.</doc>
<msg timestamp="20230613 09:24:35.380" level="INFO">Clicking element '//a[@href="/account/api-token"]'.</msg>
<status status="PASS" starttime="20230613 09:24:35.379" endtime="20230613 09:24:35.468"/>
</kw>
<kw name="Wait Until Element Is Visible" library="SeleniumLibrary">
<arg>${trade}</arg>
<arg>10</arg>
<doc>Waits until the element ``locator`` is visible.</doc>
<status status="PASS" starttime="20230613 09:24:35.468" endtime="20230613 09:24:36.161"/>
</kw>
<kw name="Click Element" library="SeleniumLibrary">
<arg>${trade}</arg>
<doc>Click the element identified by ``locator``.</doc>
<msg timestamp="20230613 09:24:36.161" level="INFO">Clicking element '//*[@name="trade"]//parent::label'.</msg>
<status status="PASS" starttime="20230613 09:24:36.161" endtime="20230613 09:24:36.226"/>
</kw>
<kw name="Wait Until Element Is Visible" library="SeleniumLibrary">
<arg>${token_input}</arg>
<arg>10</arg>
<doc>Waits until the element ``locator`` is visible.</doc>
<status status="PASS" starttime="20230613 09:24:36.226" endtime="20230613 09:24:36.248"/>
</kw>
<kw name="Input Text" library="SeleniumLibrary">
<arg>${token_input}</arg>
<arg>test</arg>
<doc>Types the given ``text`` into the text field identified by ``locator``.</doc>
<msg timestamp="20230613 09:24:36.248" level="INFO">Typing text 'test' into text field '//*[@name='token_name']'.</msg>
<status status="PASS" starttime="20230613 09:24:36.248" endtime="20230613 09:24:36.399"/>
</kw>
<kw name="Wait Until Element Is Visible" library="SeleniumLibrary">
<arg>${create}</arg>
<arg>10</arg>
<doc>Waits until the element ``locator`` is visible.</doc>
<status status="PASS" starttime="20230613 09:24:36.399" endtime="20230613 09:24:37.355"/>
</kw>
<kw name="Click Element" library="SeleniumLibrary">
<arg>${create}</arg>
<doc>Click the element identified by ``locator``.</doc>
<msg timestamp="20230613 09:24:37.356" level="INFO">Clicking element '//button[@class="dc-btn dc-btn__effect dc-btn--primary dc-btn__large dc-btn__button-group da-api-token__button"]'.</msg>
<status status="PASS" starttime="20230613 09:24:37.355" endtime="20230613 09:24:37.433"/>
</kw>
<kw name="Sleep" library="BuiltIn">
<arg>20</arg>
<doc>Pauses the test executed for the given time.</doc>
<msg timestamp="20230613 09:24:57.434" level="INFO">Slept 20 seconds</msg>
<status status="PASS" starttime="20230613 09:24:37.433" endtime="20230613 09:24:57.434"/>
</kw>
<status status="PASS" starttime="20230613 09:24:21.607" endtime="20230613 09:24:57.434"/>
</test>
<test id="s1-t4" name="TC_04: Create API Token by not selecting any access option on the scopes" line="85">
<kw name="Open Browser" library="SeleniumLibrary">
<arg>https://app.deriv.com</arg>
<arg>chrome</arg>
<doc>Opens a new browser instance to the optional ``url``.</doc>
<msg timestamp="20230613 09:24:57.437" level="INFO">Opening browser 'chrome' to base url 'https://app.deriv.com'.</msg>
<status status="PASS" starttime="20230613 09:24:57.436" endtime="20230613 09:25:00.301"/>
</kw>
<kw name="Maximize Browser Window" library="SeleniumLibrary">
<doc>Maximizes current browser window.</doc>
<status status="PASS" starttime="20230613 09:25:00.302" endtime="20230613 09:25:00.419"/>
</kw>
<kw name="Wait Until Page Contains Element" library="SeleniumLibrary">
<arg>dt_login_button</arg>
<arg>10</arg>
<doc>Waits until the element ``locator`` appears on the current page.</doc>
<status status="PASS" starttime="20230613 09:25:00.419" endtime="20230613 09:25:00.447"/>
</kw>
<kw name="Click Element" library="SeleniumLibrary">
<arg>dt_login_button</arg>
<doc>Click the element identified by ``locator``.</doc>
<msg timestamp="20230613 09:25:00.448" level="INFO">Clicking element 'dt_login_button'.</msg>
<status status="PASS" starttime="20230613 09:25:00.447" endtime="20230613 09:25:02.761"/>
</kw>
<kw name="Wait Until Page Contains Element" library="SeleniumLibrary">
<arg>txtEmail</arg>
<arg>10</arg>
<doc>Waits until the element ``locator`` appears on the current page.</doc>
<status status="PASS" starttime="20230613 09:25:02.762" endtime="20230613 09:25:02.780"/>
</kw>
<kw name="Input Text" library="SeleniumLibrary">
<arg>txtEmail</arg>
<arg>amarnath@besquare.com.my</arg>
<doc>Types the given ``text`` into the text field identified by ``locator``.</doc>
<msg timestamp="20230613 09:25:02.781" level="INFO">Typing text 'amarnath@besquare.com.my' into text field 'txtEmail'.</msg>
<status status="PASS" starttime="20230613 09:25:02.780" endtime="20230613 09:25:02.850"/>
</kw>
<kw name="Input Password" library="SeleniumLibrary">
<arg>txtPass</arg>
<arg>Mikecool911</arg>
<doc>Types the given password into the text field identified by ``locator``.</doc>
<msg timestamp="20230613 09:25:02.851" level="INFO">Typing password into text field 'txtPass'.</msg>
<msg timestamp="20230613 09:25:02.877" level="INFO">Temporally setting log level to: NONE</msg>
<msg timestamp="20230613 09:25:02.905" level="INFO">Log level changed from NONE to INFO.</msg>
<status status="PASS" starttime="20230613 09:25:02.851" endtime="20230613 09:25:02.905"/>
</kw>
<kw name="Click Element" library="SeleniumLibrary">
<arg>//button[@name="login"]</arg>
<doc>Click the element identified by ``locator``.</doc>
<msg timestamp="20230613 09:25:02.906" level="INFO">Clicking element '//button[@name="login"]'.</msg>
<status status="PASS" starttime="20230613 09:25:02.905" endtime="20230613 09:25:05.145"/>
</kw>
<kw name="Wait Until Element Is Visible" library="SeleniumLibrary">
<arg>${account_settings}</arg>
<arg>10</arg>
<doc>Waits until the element ``locator`` is visible.</doc>
<status status="PASS" starttime="20230613 09:25:05.145" endtime="20230613 09:25:05.627"/>
</kw>
<kw name="Click Element" library="SeleniumLibrary">
<arg>${account_settings}</arg>
<doc>Click the element identified by ``locator``.</doc>
<msg timestamp="20230613 09:25:05.627" level="INFO">Clicking element '//a[@class="trading-hub-header__setting"]'.</msg>
<status status="PASS" starttime="20230613 09:25:05.627" endtime="20230613 09:25:05.729"/>
</kw>
<kw name="Wait Until Element Is Visible" library="SeleniumLibrary">
<arg>${API_Token_menu}</arg>
<arg>10</arg>
<doc>Waits until the element ``locator`` is visible.</doc>
<status status="PASS" starttime="20230613 09:25:05.730" endtime="20230613 09:25:06.643"/>
</kw>
<kw name="Click Element" library="SeleniumLibrary">
<arg>${API_Token_menu}</arg>
<doc>Click the element identified by ``locator``.</doc>
<msg timestamp="20230613 09:25:06.643" level="INFO">Clicking element '//a[@href="/account/api-token"]'.</msg>
<status status="PASS" starttime="20230613 09:25:06.643" endtime="20230613 09:25:06.749"/>
</kw>
<kw name="Wait Until Element Is Visible" library="SeleniumLibrary">
<arg>${trade}</arg>
<arg>10</arg>
<doc>Waits until the element ``locator`` is visible.</doc>
<status status="PASS" starttime="20230613 09:25:06.749" endtime="20230613 09:25:07.232"/>
</kw>
<kw name="Wait Until Element Is Visible" library="SeleniumLibrary">
<arg>${token_input}</arg>
<arg>10</arg>
<doc>Waits until the element ``locator`` is visible.</doc>
<status status="PASS" starttime="20230613 09:25:07.232" endtime="20230613 09:25:07.253"/>
</kw>
<kw name="Input Text" library="SeleniumLibrary">
<arg>${token_input}</arg>
<arg>test</arg>
<doc>Types the given ``text`` into the text field identified by ``locator``.</doc>
<msg timestamp="20230613 09:25:07.254" level="INFO">Typing text 'test' into text field '//*[@name='token_name']'.</msg>
<status status="PASS" starttime="20230613 09:25:07.253" endtime="20230613 09:25:07.446"/>
</kw>
<kw name="Element Should Be Disabled" library="SeleniumLibrary">
<arg>${create}</arg>
<doc>Verifies that element identified by ``locator`` is disabled.</doc>
<status status="PASS" starttime="20230613 09:25:07.446" endtime="20230613 09:25:07.507"/>
</kw>
<kw name="Sleep" library="BuiltIn">
<arg>20</arg>
<doc>Pauses the test executed for the given time.</doc>
<msg timestamp="20230613 09:25:27.508" level="INFO">Slept 20 seconds</msg>
<status status="PASS" starttime="20230613 09:25:07.508" endtime="20230613 09:25:27.508"/>
</kw>
<status status="PASS" starttime="20230613 09:24:57.435" endtime="20230613 09:25:27.509"/>
</test>
<test id="s1-t5" name="TC_05: Create API Token by not selecting any access option on the scopes" line="104">
<kw name="Open Browser" library="SeleniumLibrary">
<arg>https://app.deriv.com</arg>
<arg>chrome</arg>
<doc>Opens a new browser instance to the optional ``url``.</doc>
<msg timestamp="20230613 09:25:27.512" level="INFO">Opening browser 'chrome' to base url 'https://app.deriv.com'.</msg>
<status status="PASS" starttime="20230613 09:25:27.511" endtime="20230613 09:25:31.629"/>
</kw>
<kw name="Maximize Browser Window" library="SeleniumLibrary">
<doc>Maximizes current browser window.</doc>
<status status="PASS" starttime="20230613 09:25:31.630" endtime="20230613 09:25:31.854"/>
</kw>
<kw name="Wait Until Page Contains Element" library="SeleniumLibrary">
<arg>dt_login_button</arg>
<arg>10</arg>
<doc>Waits until the element ``locator`` appears on the current page.</doc>
<status status="PASS" starttime="20230613 09:25:31.854" endtime="20230613 09:25:31.922"/>
</kw>
<kw name="Click Element" library="SeleniumLibrary">
<arg>dt_login_button</arg>
<doc>Click the element identified by ``locator``.</doc>
<msg timestamp="20230613 09:25:31.922" level="INFO">Clicking element 'dt_login_button'.</msg>
<status status="PASS" starttime="20230613 09:25:31.922" endtime="20230613 09:25:34.154"/>
</kw>
<kw name="Wait Until Page Contains Element" library="SeleniumLibrary">
<arg>txtEmail</arg>
<arg>10</arg>
<doc>Waits until the element ``locator`` appears on the current page.</doc>
<status status="PASS" starttime="20230613 09:25:34.154" endtime="20230613 09:25:34.170"/>
</kw>
<kw name="Input Text" library="SeleniumLibrary">
<arg>txtEmail</arg>
<arg>amarnath@besquare.com.my</arg>
<doc>Types the given ``text`` into the text field identified by ``locator``.</doc>
<msg timestamp="20230613 09:25:34.171" level="INFO">Typing text 'amarnath@besquare.com.my' into text field 'txtEmail'.</msg>
<status status="PASS" starttime="20230613 09:25:34.171" endtime="20230613 09:25:34.250"/>
</kw>
<kw name="Input Password" library="SeleniumLibrary">
<arg>txtPass</arg>
<arg>Mikecool911</arg>
<doc>Types the given password into the text field identified by ``locator``.</doc>
<msg timestamp="20230613 09:25:34.250" level="INFO">Typing password into text field 'txtPass'.</msg>
<msg timestamp="20230613 09:25:34.281" level="INFO">Temporally setting log level to: NONE</msg>
<msg timestamp="20230613 09:25:34.309" level="INFO">Log level changed from NONE to INFO.</msg>
<status status="PASS" starttime="20230613 09:25:34.250" endtime="20230613 09:25:34.309"/>
</kw>
<kw name="Click Element" library="SeleniumLibrary">
<arg>//button[@name="login"]</arg>
<doc>Click the element identified by ``locator``.</doc>
<msg timestamp="20230613 09:25:34.310" level="INFO">Clicking element '//button[@name="login"]'.</msg>
<status status="PASS" starttime="20230613 09:25:34.309" endtime="20230613 09:25:37.219"/>
</kw>
<kw name="Wait Until Element Is Visible" library="SeleniumLibrary">
<arg>${account_settings}</arg>
<arg>10</arg>
<doc>Waits until the element ``locator`` is visible.</doc>
<status status="PASS" starttime="20230613 09:25:37.220" endtime="20230613 09:25:37.246"/>
</kw>
<kw name="Click Element" library="SeleniumLibrary">
<arg>${account_settings}</arg>
<doc>Click the element identified by ``locator``.</doc>
<msg timestamp="20230613 09:25:37.248" level="INFO">Clicking element '//a[@class="trading-hub-header__setting"]'.</msg>
<status status="PASS" starttime="20230613 09:25:37.247" endtime="20230613 09:25:37.331"/>
</kw>
<kw name="Wait Until Element Is Visible" library="SeleniumLibrary">
<arg>${API_Token_menu}</arg>
<arg>10</arg>
<doc>Waits until the element ``locator`` is visible.</doc>
<status status="PASS" starttime="20230613 09:25:37.332" endtime="20230613 09:25:38.832"/>
</kw>
<kw name="Click Element" library="SeleniumLibrary">
<arg>${API_Token_menu}</arg>
<doc>Click the element identified by ``locator``.</doc>
<msg timestamp="20230613 09:25:38.833" level="INFO">Clicking element '//a[@href="/account/api-token"]'.</msg>
<status status="PASS" starttime="20230613 09:25:38.832" endtime="20230613 09:25:38.942"/>
</kw>
<kw name="Wait Until Element Is Visible" library="SeleniumLibrary">
<arg>${trade}</arg>
<arg>10</arg>
<doc>Waits until the element ``locator`` is visible.</doc>
<status status="PASS" starttime="20230613 09:25:38.942" endtime="20230613 09:25:39.702"/>
</kw>
<kw name="Wait Until Element Is Visible" library="SeleniumLibrary">
<arg>${token_input}</arg>
<arg>10</arg>
<doc>Waits until the element ``locator`` is visible.</doc>
<status status="PASS" starttime="20230613 09:25:39.702" endtime="20230613 09:25:39.733"/>
</kw>
<kw name="Input Text" library="SeleniumLibrary">
<arg>${token_input}</arg>
<arg>123456789abcdefghijklmnopqrstuvwxyz</arg>
<doc>Types the given ``text`` into the text field identified by ``locator``.</doc>
<msg timestamp="20230613 09:25:39.734" level="INFO">Typing text '123456789abcdefghijklmnopqrstuvwxyz' into text field '//*[@name='token_name']'.</msg>
<status status="PASS" starttime="20230613 09:25:39.733" endtime="20230613 09:25:40.440"/>
</kw>
<kw name="Element Should Be Disabled" library="SeleniumLibrary">
<arg>${create}</arg>
<doc>Verifies that element identified by ``locator`` is disabled.</doc>
<status status="PASS" starttime="20230613 09:25:40.440" endtime="20230613 09:25:40.457"/>
</kw>
<kw name="Page Should Contain Element" library="SeleniumLibrary">
<arg>${error_msg}</arg>
<doc>Verifies that element ``locator`` is found on the current page.</doc>
<msg timestamp="20230613 09:25:40.467" level="INFO">Current page contains element '//div[@class="dc-field dc-field--error"]'.</msg>
<status status="PASS" starttime="20230613 09:25:40.457" endtime="20230613 09:25:40.467"/>
</kw>
<kw name="Sleep" library="BuiltIn">
<arg>20</arg>
<doc>Pauses the test executed for the given time.</doc>
<msg timestamp="20230613 09:26:00.470" level="INFO">Slept 20 seconds</msg>
<status status="PASS" starttime="20230613 09:25:40.467" endtime="20230613 09:26:00.472"/>
</kw>
<status status="PASS" starttime="20230613 09:25:27.510" endtime="20230613 09:26:00.473"/>
</test>
<doc>single test for login</doc>
<status status="PASS" starttime="20230613 09:23:13.440" endtime="20230613 09:26:00.475"/>
</suite>
<statistics>
<total>
<stat pass="5" fail="0" skip="0">All Tests</stat>
</total>
<tag>
</tag>
<suite>
<stat pass="5" fail="0" skip="0" id="s1" name="Project1">Project1</stat>
</suite>
</statistics>
<errors>
</errors>
</robot>
