<?xml version="1.0" encoding="UTF-8"?>
<robot generator="Robot 6.0.2 (Python 3.10.6 on linux)" generated="20230613 16:17:49.178" rpa="false" schemaversion="3">
<suite id="s1" name="Task5" source="/home/amarnath/Desktop/besquare_2023/Tasks/task5.robot">
<test id="s1-t1" name="Task 5" line="21">
<kw name="Open Browser" library="SeleniumLibrary">
<arg>https://app.deriv.com</arg>
<arg>chrome</arg>
<doc>Opens a new browser instance to the optional ``url``.</doc>
<msg timestamp="20230613 16:17:49.474" level="INFO">Opening browser 'chrome' to base url 'https://app.deriv.com'.</msg>
<status status="PASS" starttime="20230613 16:17:49.473" endtime="20230613 16:17:52.982"/>
</kw>
<kw name="Maximize Browser Window" library="SeleniumLibrary">
<doc>Maximizes current browser window.</doc>
<status status="PASS" starttime="20230613 16:17:52.983" endtime="20230613 16:17:53.089"/>
</kw>
<kw name="Wait Until Page Contains Element" library="SeleniumLibrary">
<arg>dt_login_button</arg>
<arg>10</arg>
<doc>Waits until the element ``locator`` appears on the current page.</doc>
<status status="PASS" starttime="20230613 16:17:53.090" endtime="20230613 16:17:53.106"/>
</kw>
<kw name="Click Element" library="SeleniumLibrary">
<arg>dt_login_button</arg>
<doc>Click the element identified by ``locator``.</doc>
<msg timestamp="20230613 16:17:53.108" level="INFO">Clicking element 'dt_login_button'.</msg>
<status status="PASS" starttime="20230613 16:17:53.107" endtime="20230613 16:17:55.585"/>
</kw>
<kw name="Wait Until Page Contains Element" library="SeleniumLibrary">
<arg>txtEmail</arg>
<arg>10</arg>
<doc>Waits until the element ``locator`` appears on the current page.</doc>
<status status="PASS" starttime="20230613 16:17:55.586" endtime="20230613 16:17:55.600"/>
</kw>
<kw name="Input Text" library="SeleniumLibrary">
<arg>txtEmail</arg>
<arg>amarnath@besquare.com.my</arg>
<doc>Types the given ``text`` into the text field identified by ``locator``.</doc>
<msg timestamp="20230613 16:17:55.601" level="INFO">Typing text 'amarnath@besquare.com.my' into text field 'txtEmail'.</msg>
<status status="PASS" starttime="20230613 16:17:55.601" endtime="20230613 16:17:55.694"/>
</kw>
<kw name="Input Password" library="SeleniumLibrary">
<arg>txtPass</arg>
<arg>Mikecool911</arg>
<doc>Types the given password into the text field identified by ``locator``.</doc>
<msg timestamp="20230613 16:17:55.696" level="INFO">Typing password into text field 'txtPass'.</msg>
<msg timestamp="20230613 16:17:55.736" level="INFO">Temporally setting log level to: NONE</msg>
<msg timestamp="20230613 16:17:55.769" level="INFO">Log level changed from NONE to INFO.</msg>
<status status="PASS" starttime="20230613 16:17:55.695" endtime="20230613 16:17:55.769"/>
</kw>
<kw name="Click Element" library="SeleniumLibrary">
<arg>//button[@name="login"]</arg>
<doc>Click the element identified by ``locator``.</doc>
<msg timestamp="20230613 16:17:55.770" level="INFO">Clicking element '//button[@name="login"]'.</msg>
<status status="PASS" starttime="20230613 16:17:55.769" endtime="20230613 16:18:02.768"/>
</kw>
<kw name="Wait Until Page Contains Element" library="SeleniumLibrary">
<arg>${dropdown_btn}</arg>
<arg>10</arg>
<doc>Waits until the element ``locator`` appears on the current page.</doc>
<status status="PASS" starttime="20230613 16:18:02.768" endtime="20230613 16:18:02.779"/>
</kw>
<kw name="Click Element" library="SeleniumLibrary">
<arg>${dropdown_btn}</arg>
<doc>Click the element identified by ``locator``.</doc>
<msg timestamp="20230613 16:18:02.780" level="INFO">Clicking element '//span[@class="dc-text dc-dropdown__display-text"]'.</msg>
<status status="PASS" starttime="20230613 16:18:02.779" endtime="20230613 16:18:02.845"/>
</kw>
<kw name="Wait Until Element Is Visible" library="SeleniumLibrary">
<arg>//*[@class="dc-list"]</arg>
<arg>15</arg>
<doc>Waits until the element ``locator`` is visible.</doc>
<status status="PASS" starttime="20230613 16:18:02.846" endtime="20230613 16:18:03.112"/>
</kw>
<kw name="Wait Until Element Is Visible" library="SeleniumLibrary">
<arg>${Demo}</arg>
<arg>15</arg>
<doc>Waits until the element ``locator`` is visible.</doc>
<status status="PASS" starttime="20230613 16:18:03.113" endtime="20230613 16:18:03.128"/>
</kw>
<kw name="Click Element" library="SeleniumLibrary">
<arg>${Demo}</arg>
<doc>Click the element identified by ``locator``.</doc>
<msg timestamp="20230613 16:18:03.129" level="INFO">Clicking element '//*[@id="demo"]'.</msg>
<status status="PASS" starttime="20230613 16:18:03.129" endtime="20230613 16:18:03.234"/>
</kw>
<kw name="Wait Until Page Contains Element" library="SeleniumLibrary">
<arg>${Dtrader}</arg>
<arg>10</arg>
<doc>Waits until the element ``locator`` appears on the current page.</doc>
<status status="PASS" starttime="20230613 16:18:03.235" endtime="20230613 16:18:03.252"/>
</kw>
<kw name="Click Element" library="SeleniumLibrary">
<arg>${Dtrader}</arg>
<doc>Click the element identified by ``locator``.</doc>
<msg timestamp="20230613 16:18:03.254" level="INFO">Clicking element '//a[@href="/"]'.</msg>
<status status="PASS" starttime="20230613 16:18:03.253" endtime="20230613 16:18:03.364"/>
</kw>
<kw name="Wait Until Element Is Visible" library="SeleniumLibrary">
<arg>${drop_men}</arg>
<arg>15</arg>
<doc>Waits until the element ``locator`` is visible.</doc>
<status status="PASS" starttime="20230613 16:18:03.364" endtime="20230613 16:18:08.990"/>
</kw>
<kw name="Click Element" library="SeleniumLibrary">
<arg>${drop_men}</arg>
<doc>Click the element identified by ``locator``.</doc>
<msg timestamp="20230613 16:18:08.991" level="INFO">Clicking element '//*[@class="ic-icon cq-symbol-dropdown"]'.</msg>
<status status="PASS" starttime="20230613 16:18:08.990" endtime="20230613 16:18:09.073"/>
</kw>
<kw name="Wait Until Element Is Visible" library="SeleniumLibrary">
<arg>${Volatility}</arg>
<arg>10</arg>
<doc>Waits until the element ``locator`` is visible.</doc>
<status status="PASS" starttime="20230613 16:18:09.073" endtime="20230613 16:18:09.554"/>
</kw>
<kw name="Click Element" library="SeleniumLibrary">
<arg>${Volatility}</arg>
<doc>Click the element identified by ``locator``.</doc>
<msg timestamp="20230613 16:18:09.556" level="INFO">Clicking element '//span[@class="ic-icon ic-R_50"]'.</msg>
<status status="PASS" starttime="20230613 16:18:09.555" endtime="20230613 16:18:09.745"/>
</kw>
<kw name="Wait Until Element Is Visible" library="SeleniumLibrary">
<arg>${trade_type}</arg>
<arg>10</arg>
<doc>Waits until the element ``locator`` is visible.</doc>
<status status="PASS" starttime="20230613 16:18:09.746" endtime="20230613 16:18:10.183"/>
</kw>
<kw name="Click Element" library="SeleniumLibrary">
<arg>${trade_type}</arg>
<doc>Click the element identified by ``locator``.</doc>
<msg timestamp="20230613 16:18:10.184" level="INFO">Clicking element '//div[@id="dt_contract_dropdown"]'.</msg>
<status status="PASS" starttime="20230613 16:18:10.184" endtime="20230613 16:18:10.248"/>
</kw>
<kw name="Wait Until Element Is Visible" library="SeleniumLibrary">
<arg>${multiplier}</arg>
<arg>10</arg>
<doc>Waits until the element ``locator`` is visible.</doc>
<status status="PASS" starttime="20230613 16:18:10.249" endtime="20230613 16:18:10.500"/>
</kw>
<kw name="Click Element" library="SeleniumLibrary">
<arg>${multiplier}</arg>
<doc>Click the element identified by ``locator``.</doc>
<msg timestamp="20230613 16:18:10.502" level="INFO">Clicking element '//div[@id="dt_contract_multiplier_item"]'.</msg>
<status status="PASS" starttime="20230613 16:18:10.501" endtime="20230613 16:18:10.616"/>
</kw>
<kw name="Page Should Not Contain Element" library="SeleniumLibrary">
<arg>${payout_option}</arg>
<doc>Verifies that element ``locator`` is not found on the current page.</doc>
<msg timestamp="20230613 16:18:10.630" level="INFO">Current page does not contain element '//button[@id="dc_payout_toggle_item"]'.</msg>
<status status="PASS" starttime="20230613 16:18:10.616" endtime="20230613 16:18:10.631"/>
</kw>
<kw name="Wait Until Element Is Visible" library="SeleniumLibrary">
<arg>${takeprofit}</arg>
<doc>Waits until the element ``locator`` is visible.</doc>
<msg timestamp="20230613 16:18:15.961" level="INFO" html="true">&lt;/td&gt;&lt;/tr&gt;&lt;tr&gt;&lt;td colspan="3"&gt;&lt;a href="selenium-screenshot-1.png"&gt;&lt;img src="selenium-screenshot-1.png" width="800px"&gt;&lt;/a&gt;</msg>
<msg timestamp="20230613 16:18:15.962" level="FAIL">Element '//*[@name="has_take_profit"]' not visible after 5 seconds.</msg>
<status status="FAIL" starttime="20230613 16:18:10.631" endtime="20230613 16:18:15.965"/>
</kw>
<kw name="Click Element" library="SeleniumLibrary">
<arg>${takeprofit}</arg>
<doc>Click the element identified by ``locator``.</doc>
<status status="NOT RUN" starttime="20230613 16:18:15.965" endtime="20230613 16:18:15.965"/>
</kw>
<kw name="Input Text" library="SeleniumLibrary">
<arg>dc_take_profit-checkbox_input</arg>
<arg>10</arg>
<doc>Types the given ``text`` into the text field identified by ``locator``.</doc>
<status status="NOT RUN" starttime="20230613 16:18:15.966" endtime="20230613 16:18:15.966"/>
</kw>
<kw name="Wait Until Element Is Visible" library="SeleniumLibrary">
<arg>${stoploss}</arg>
<doc>Waits until the element ``locator`` is visible.</doc>
<status status="NOT RUN" starttime="20230613 16:18:15.966" endtime="20230613 16:18:15.966"/>
</kw>
<kw name="Click Element" library="SeleniumLibrary">
<arg>${stoploss}</arg>
<doc>Click the element identified by ``locator``.</doc>
<status status="NOT RUN" starttime="20230613 16:18:15.966" endtime="20230613 16:18:15.967"/>
</kw>
<kw name="Input Text" library="SeleniumLibrary">
<arg>dc_stop_loss-checkbox_input</arg>
<arg>10</arg>
<doc>Types the given ``text`` into the text field identified by ``locator``.</doc>
<status status="NOT RUN" starttime="20230613 16:18:15.967" endtime="20230613 16:18:15.967"/>
</kw>
<kw name="Sleep" library="BuiltIn">
<arg>10</arg>
<doc>Pauses the test executed for the given time.</doc>
<status status="NOT RUN" starttime="20230613 16:18:15.967" endtime="20230613 16:18:15.967"/>
</kw>
<status status="FAIL" starttime="20230613 16:17:49.472" endtime="20230613 16:18:15.968">Element '//*[@name="has_take_profit"]' not visible after 5 seconds.</status>
</test>
<doc>single test for login</doc>
<status status="FAIL" starttime="20230613 16:17:49.180" endtime="20230613 16:18:15.969"/>
</suite>
<statistics>
<total>
<stat pass="0" fail="1" skip="0">All Tests</stat>
</total>
<tag>
</tag>
<suite>
<stat pass="0" fail="1" skip="0" id="s1" name="Task5">Task5</stat>
</suite>
</statistics>
<errors>
</errors>
</robot>
