<?xml version="1.0" encoding="UTF-8"?>
<robot generator="Robot 6.0.2 (Python 3.10.6 on linux)" generated="20230613 15:22:47.647" rpa="false" schemaversion="3">
<suite id="s1" name="Project2" source="/home/amarnath/Desktop/besquare_2023/Project2/Project2.robot">
<test id="s1-t1" name="TC_01: Close account by selecting only one reason and not including further informations" line="25">
<kw name="Open Browser" library="SeleniumLibrary">
<arg>https://app.deriv.com</arg>
<arg>chrome</arg>
<doc>Opens a new browser instance to the optional ``url``.</doc>
<msg timestamp="20230613 15:22:47.733" level="INFO">Opening browser 'chrome' to base url 'https://app.deriv.com'.</msg>
<status status="PASS" starttime="20230613 15:22:47.733" endtime="20230613 15:22:50.681"/>
</kw>
<kw name="Maximize Browser Window" library="SeleniumLibrary">
<doc>Maximizes current browser window.</doc>
<status status="PASS" starttime="20230613 15:22:50.682" endtime="20230613 15:22:50.786"/>
</kw>
<kw name="Wait Until Page Contains Element" library="SeleniumLibrary">
<arg>dt_login_button</arg>
<arg>10</arg>
<doc>Waits until the element ``locator`` appears on the current page.</doc>
<status status="PASS" starttime="20230613 15:22:50.786" endtime="20230613 15:22:50.814"/>
</kw>
<kw name="Click Element" library="SeleniumLibrary">
<arg>dt_login_button</arg>
<doc>Click the element identified by ``locator``.</doc>
<msg timestamp="20230613 15:22:50.815" level="INFO">Clicking element 'dt_login_button'.</msg>
<status status="PASS" starttime="20230613 15:22:50.814" endtime="20230613 15:22:53.901"/>
</kw>
<kw name="Wait Until Page Contains Element" library="SeleniumLibrary">
<arg>txtEmail</arg>
<arg>10</arg>
<doc>Waits until the element ``locator`` appears on the current page.</doc>
<status status="PASS" starttime="20230613 15:22:53.901" endtime="20230613 15:22:53.918"/>
</kw>
<kw name="Input Text" library="SeleniumLibrary">
<arg>txtEmail</arg>
<arg>amarnath@besquare.com.my</arg>
<doc>Types the given ``text`` into the text field identified by ``locator``.</doc>
<msg timestamp="20230613 15:22:53.919" level="INFO">Typing text 'amarnath@besquare.com.my' into text field 'txtEmail'.</msg>
<status status="PASS" starttime="20230613 15:22:53.919" endtime="20230613 15:22:53.988"/>
</kw>
<kw name="Input Password" library="SeleniumLibrary">
<arg>txtPass</arg>
<arg>Mikecool911</arg>
<doc>Types the given password into the text field identified by ``locator``.</doc>
<msg timestamp="20230613 15:22:53.989" level="INFO">Typing password into text field 'txtPass'.</msg>
<msg timestamp="20230613 15:22:54.038" level="INFO">Temporally setting log level to: NONE</msg>
<msg timestamp="20230613 15:22:54.075" level="INFO">Log level changed from NONE to INFO.</msg>
<status status="PASS" starttime="20230613 15:22:53.988" endtime="20230613 15:22:54.075"/>
</kw>
<kw name="Click Element" library="SeleniumLibrary">
<arg>//button[@name="login"]</arg>
<doc>Click the element identified by ``locator``.</doc>
<msg timestamp="20230613 15:22:54.076" level="INFO">Clicking element '//button[@name="login"]'.</msg>
<status status="PASS" starttime="20230613 15:22:54.076" endtime="20230613 15:23:02.919"/>
</kw>
<kw name="Wait Until Element Is Visible" library="SeleniumLibrary">
<arg>${account_settings}</arg>
<arg>10</arg>
<doc>Waits until the element ``locator`` is visible.</doc>
<status status="PASS" starttime="20230613 15:23:02.919" endtime="20230613 15:23:02.946"/>
</kw>
<kw name="Click Element" library="SeleniumLibrary">
<arg>${account_settings}</arg>
<doc>Click the element identified by ``locator``.</doc>
<msg timestamp="20230613 15:23:02.947" level="INFO">Clicking element '//a[@class="trading-hub-header__setting"]'.</msg>
<status status="PASS" starttime="20230613 15:23:02.947" endtime="20230613 15:23:03.044"/>
</kw>
<kw name="Wait Until Element Is Visible" library="SeleniumLibrary">
<arg>${close-account}</arg>
<arg>10</arg>
<doc>Waits until the element ``locator`` is visible.</doc>
<status status="PASS" starttime="20230613 15:23:03.044" endtime="20230613 15:23:05.114"/>
</kw>
<kw name="Click Element" library="SeleniumLibrary">
<arg>${close-account}</arg>
<doc>Click the element identified by ``locator``.</doc>
<msg timestamp="20230613 15:23:05.115" level="INFO">Clicking element '//a[@href="/account/closing-account"]'.</msg>
<status status="PASS" starttime="20230613 15:23:05.114" endtime="20230613 15:23:05.215"/>
</kw>
<kw name="Page Should Contain" library="SeleniumLibrary">
<arg>Are you sure?</arg>
<doc>Verifies that current page contains ``text``.</doc>
<msg timestamp="20230613 15:23:05.247" level="INFO">Current page contains text 'Are you sure?'.</msg>
<status status="PASS" starttime="20230613 15:23:05.216" endtime="20230613 15:23:05.247"/>
</kw>
<kw name="Wait Until Element Is Visible" library="SeleniumLibrary">
<arg>${security_privacy_pdf}</arg>
<arg>10</arg>
<doc>Waits until the element ``locator`` is visible.</doc>
<status status="PASS" starttime="20230613 15:23:05.247" endtime="20230613 15:23:05.262"/>
</kw>
<kw name="Click Element" library="SeleniumLibrary">
<arg>${close_account_btn}</arg>
<doc>Click the element identified by ``locator``.</doc>
<msg timestamp="20230613 15:23:05.262" level="INFO">Clicking element '//button[@class="dc-btn dc-btn--primary dc-btn__large closing-account__button--close-account"]'.</msg>
<status status="PASS" starttime="20230613 15:23:05.262" endtime="20230613 15:23:05.309"/>
</kw>
<kw name="Wait Until Element Is Visible" library="SeleniumLibrary">
<arg>${checkbox1}</arg>
<arg>10</arg>
<doc>Waits until the element ``locator`` is visible.</doc>
<status status="PASS" starttime="20230613 15:23:05.310" endtime="20230613 15:23:05.328"/>
</kw>
<kw name="Click Element" library="SeleniumLibrary">
<arg>${checkbox1}</arg>
<doc>Click the element identified by ``locator``.</doc>
<msg timestamp="20230613 15:23:05.329" level="INFO">Clicking element '//*[@name="financial-priorities"]//parent::label'.</msg>
<status status="PASS" starttime="20230613 15:23:05.328" endtime="20230613 15:23:05.373"/>
</kw>
<kw name="Click Element" library="SeleniumLibrary">
<arg>${continue_btn}</arg>
<doc>Click the element identified by ``locator``.</doc>
<msg timestamp="20230613 15:23:05.374" level="INFO">Clicking element '//button[@class="dc-btn dc-btn__effect dc-btn--primary dc-btn__large"]'.</msg>
<status status="PASS" starttime="20230613 15:23:05.373" endtime="20230613 15:23:05.447"/>
</kw>
<kw name="Page Should Contain Element" library="SeleniumLibrary">
<arg>${pop_up_message}</arg>
<arg>15</arg>
<doc>Verifies that element ``locator`` is found on the current page.</doc>
<msg timestamp="20230613 15:23:05.462" level="INFO">Current page contains element '//div[@class="account-closure-warning-modal"]'.</msg>
<status status="PASS" starttime="20230613 15:23:05.447" endtime="20230613 15:23:05.462"/>
</kw>
<kw name="Sleep" library="BuiltIn">
<arg>10</arg>
<doc>Pauses the test executed for the given time.</doc>
<msg timestamp="20230613 15:23:15.463" level="INFO">Slept 10 seconds</msg>
<status status="PASS" starttime="20230613 15:23:05.462" endtime="20230613 15:23:15.463"/>
</kw>
<status status="PASS" starttime="20230613 15:22:47.733" endtime="20230613 15:23:15.463"/>
</test>
<test id="s1-t2" name="TC_02: Close account by selecting up to 3 reasons and including further informations" line="49">
<kw name="Open Browser" library="SeleniumLibrary">
<arg>https://app.deriv.com</arg>
<arg>chrome</arg>
<doc>Opens a new browser instance to the optional ``url``.</doc>
<msg timestamp="20230613 15:23:15.464" level="INFO">Opening browser 'chrome' to base url 'https://app.deriv.com'.</msg>
<status status="PASS" starttime="20230613 15:23:15.464" endtime="20230613 15:23:19.810"/>
</kw>
<kw name="Maximize Browser Window" library="SeleniumLibrary">
<doc>Maximizes current browser window.</doc>
<status status="PASS" starttime="20230613 15:23:19.810" endtime="20230613 15:23:19.946"/>
</kw>
<kw name="Wait Until Page Contains Element" library="SeleniumLibrary">
<arg>dt_login_button</arg>
<arg>10</arg>
<doc>Waits until the element ``locator`` appears on the current page.</doc>
<status status="PASS" starttime="20230613 15:23:19.946" endtime="20230613 15:23:19.964"/>
</kw>
<kw name="Click Element" library="SeleniumLibrary">
<arg>dt_login_button</arg>
<doc>Click the element identified by ``locator``.</doc>
<msg timestamp="20230613 15:23:19.964" level="INFO">Clicking element 'dt_login_button'.</msg>
<status status="PASS" starttime="20230613 15:23:19.964" endtime="20230613 15:23:23.354"/>
</kw>
<kw name="Wait Until Page Contains Element" library="SeleniumLibrary">
<arg>txtEmail</arg>
<arg>10</arg>
<doc>Waits until the element ``locator`` appears on the current page.</doc>
<status status="PASS" starttime="20230613 15:23:23.354" endtime="20230613 15:23:23.374"/>
</kw>
<kw name="Input Text" library="SeleniumLibrary">
<arg>txtEmail</arg>
<arg>amarnath@besquare.com.my</arg>
<doc>Types the given ``text`` into the text field identified by ``locator``.</doc>
<msg timestamp="20230613 15:23:23.375" level="INFO">Typing text 'amarnath@besquare.com.my' into text field 'txtEmail'.</msg>
<status status="PASS" starttime="20230613 15:23:23.375" endtime="20230613 15:23:23.445"/>
</kw>
<kw name="Input Password" library="SeleniumLibrary">
<arg>txtPass</arg>
<arg>Mikecool911</arg>
<doc>Types the given password into the text field identified by ``locator``.</doc>
<msg timestamp="20230613 15:23:23.446" level="INFO">Typing password into text field 'txtPass'.</msg>
<msg timestamp="20230613 15:23:23.473" level="INFO">Temporally setting log level to: NONE</msg>
<msg timestamp="20230613 15:23:23.503" level="INFO">Log level changed from NONE to INFO.</msg>
<status status="PASS" starttime="20230613 15:23:23.445" endtime="20230613 15:23:23.503"/>
</kw>
<kw name="Click Element" library="SeleniumLibrary">
<arg>//button[@name="login"]</arg>
<doc>Click the element identified by ``locator``.</doc>
<msg timestamp="20230613 15:23:23.504" level="INFO">Clicking element '//button[@name="login"]'.</msg>
<status status="PASS" starttime="20230613 15:23:23.503" endtime="20230613 15:23:28.444"/>
</kw>
<kw name="Wait Until Element Is Visible" library="SeleniumLibrary">
<arg>${account_settings}</arg>
<arg>10</arg>
<doc>Waits until the element ``locator`` is visible.</doc>
<status status="PASS" starttime="20230613 15:23:28.445" endtime="20230613 15:23:28.466"/>
</kw>
<kw name="Click Element" library="SeleniumLibrary">
<arg>${account_settings}</arg>
<doc>Click the element identified by ``locator``.</doc>
<msg timestamp="20230613 15:23:28.467" level="INFO">Clicking element '//a[@class="trading-hub-header__setting"]'.</msg>
<status status="PASS" starttime="20230613 15:23:28.466" endtime="20230613 15:23:28.554"/>
</kw>
<kw name="Wait Until Element Is Visible" library="SeleniumLibrary">
<arg>${close-account}</arg>
<arg>10</arg>
<doc>Waits until the element ``locator`` is visible.</doc>
<status status="PASS" starttime="20230613 15:23:28.554" endtime="20230613 15:23:30.906"/>
</kw>
<kw name="Click Element" library="SeleniumLibrary">
<arg>${close-account}</arg>
<doc>Click the element identified by ``locator``.</doc>
<msg timestamp="20230613 15:23:30.907" level="INFO">Clicking element '//a[@href="/account/closing-account"]'.</msg>
<status status="PASS" starttime="20230613 15:23:30.906" endtime="20230613 15:23:31.017"/>
</kw>
<kw name="Page Should Contain" library="SeleniumLibrary">
<arg>Are you sure?</arg>
<doc>Verifies that current page contains ``text``.</doc>
<msg timestamp="20230613 15:23:31.048" level="INFO">Current page contains text 'Are you sure?'.</msg>
<status status="PASS" starttime="20230613 15:23:31.017" endtime="20230613 15:23:31.048"/>
</kw>
<kw name="Wait Until Element Is Visible" library="SeleniumLibrary">
<arg>${security_privacy_pdf}</arg>
<arg>10</arg>
<doc>Waits until the element ``locator`` is visible.</doc>
<status status="PASS" starttime="20230613 15:23:31.048" endtime="20230613 15:23:31.061"/>
</kw>
<kw name="Click Element" library="SeleniumLibrary">
<arg>${close_account_btn}</arg>
<doc>Click the element identified by ``locator``.</doc>
<msg timestamp="20230613 15:23:31.062" level="INFO">Clicking element '//button[@class="dc-btn dc-btn--primary dc-btn__large closing-account__button--close-account"]'.</msg>
<status status="PASS" starttime="20230613 15:23:31.061" endtime="20230613 15:23:31.103"/>
</kw>
<kw name="Wait Until Element Is Visible" library="SeleniumLibrary">
<arg>${checkbox1}</arg>
<arg>10</arg>
<doc>Waits until the element ``locator`` is visible.</doc>
<status status="PASS" starttime="20230613 15:23:31.103" endtime="20230613 15:23:31.119"/>
</kw>
<kw name="Click Element" library="SeleniumLibrary">
<arg>${checkbox1}</arg>
<doc>Click the element identified by ``locator``.</doc>
<msg timestamp="20230613 15:23:31.120" level="INFO">Clicking element '//*[@name="financial-priorities"]//parent::label'.</msg>
<status status="PASS" starttime="20230613 15:23:31.119" endtime="20230613 15:23:31.160"/>
</kw>
<kw name="Click Element" library="SeleniumLibrary">
<arg>${checkbox2}</arg>
<doc>Click the element identified by ``locator``.</doc>
<msg timestamp="20230613 15:23:31.160" level="INFO">Clicking element '//*[@name="stop-trading"]//parent::label'.</msg>
<status status="PASS" starttime="20230613 15:23:31.160" endtime="20230613 15:23:31.205"/>
</kw>
<kw name="Click Element" library="SeleniumLibrary">
<arg>${checkbox3}</arg>
<doc>Click the element identified by ``locator``.</doc>
<msg timestamp="20230613 15:23:31.206" level="INFO">Clicking element '//*[@name="not-interested"]//parent::label'.</msg>
<status status="PASS" starttime="20230613 15:23:31.205" endtime="20230613 15:23:31.250"/>
</kw>
<kw name="Wait Until Element Is Visible" library="SeleniumLibrary">
<arg>${feedback_other_trading_platform}</arg>
<doc>Waits until the element ``locator`` is visible.</doc>
<status status="PASS" starttime="20230613 15:23:31.250" endtime="20230613 15:23:31.266"/>
</kw>
<kw name="Input Text" library="SeleniumLibrary">
<arg>${feedback_other_trading_platform}</arg>
<arg>Because i'm switching to OCTAFX</arg>
<doc>Types the given ``text`` into the text field identified by ``locator``.</doc>
<msg timestamp="20230613 15:23:31.267" level="INFO">Typing text 'Because i'm switching to OCTAFX' into text field '//textarea[@name="other_trading_platforms"]'.</msg>
<status status="PASS" starttime="20230613 15:23:31.267" endtime="20230613 15:23:32.874"/>
</kw>
<kw name="Wait Until Element Is Visible" library="SeleniumLibrary">
<arg>${feedback_improve}</arg>
<doc>Waits until the element ``locator`` is visible.</doc>
<status status="PASS" starttime="20230613 15:23:32.875" endtime="20230613 15:23:32.904"/>
</kw>
<kw name="Input Text" library="SeleniumLibrary">
<arg>${feedback_improve}</arg>
<arg>Maybe can change the deriv logo color to blue</arg>
<doc>Types the given ``text`` into the text field identified by ``locator``.</doc>
<msg timestamp="20230613 15:23:32.906" level="INFO">Typing text 'Maybe can change the deriv logo color to blue' into text field '//textarea[@name="do_to_improve"]'.</msg>
<status status="PASS" starttime="20230613 15:23:32.905" endtime="20230613 15:23:33.081"/>
</kw>
<kw name="Click Element" library="SeleniumLibrary">
<arg>${continue_btn}</arg>
<doc>Click the element identified by ``locator``.</doc>
<msg timestamp="20230613 15:23:33.082" level="INFO">Clicking element '//button[@class="dc-btn dc-btn__effect dc-btn--primary dc-btn__large"]'.</msg>
<status status="PASS" starttime="20230613 15:23:33.081" endtime="20230613 15:23:33.143"/>
</kw>
<kw name="Page Should Contain Element" library="SeleniumLibrary">
<arg>${pop_up_message}</arg>
<arg>15</arg>
<doc>Verifies that element ``locator`` is found on the current page.</doc>
<msg timestamp="20230613 15:23:33.154" level="INFO">Current page contains element '//div[@class="account-closure-warning-modal"]'.</msg>
<status status="PASS" starttime="20230613 15:23:33.144" endtime="20230613 15:23:33.154"/>
</kw>
<kw name="Click Element" library="SeleniumLibrary">
<arg>${pop_up_message}</arg>
<doc>Click the element identified by ``locator``.</doc>
<msg timestamp="20230613 15:23:33.156" level="INFO">Clicking element '//div[@class="account-closure-warning-modal"]'.</msg>
<status status="PASS" starttime="20230613 15:23:33.155" endtime="20230613 15:23:33.444"/>
</kw>
<kw name="Sleep" library="BuiltIn">
<arg>10</arg>
<doc>Pauses the test executed for the given time.</doc>
<msg timestamp="20230613 15:23:43.446" level="INFO">Slept 10 seconds</msg>
<status status="PASS" starttime="20230613 15:23:33.445" endtime="20230613 15:23:43.446"/>
</kw>
<status status="PASS" starttime="20230613 15:23:15.463" endtime="20230613 15:23:43.447"/>
</test>
<test id="s1-t3" name="TC_03: User select more than 3 reason to close their account" line="79">
<kw name="Open Browser" library="SeleniumLibrary">
<arg>https://app.deriv.com</arg>
<arg>chrome</arg>
<doc>Opens a new browser instance to the optional ``url``.</doc>
<msg timestamp="20230613 15:23:43.450" level="INFO">Opening browser 'chrome' to base url 'https://app.deriv.com'.</msg>
<status status="PASS" starttime="20230613 15:23:43.449" endtime="20230613 15:24:35.199"/>
</kw>
<kw name="Maximize Browser Window" library="SeleniumLibrary">
<doc>Maximizes current browser window.</doc>
<status status="PASS" starttime="20230613 15:24:35.200" endtime="20230613 15:24:35.828"/>
</kw>
<kw name="Wait Until Page Contains Element" library="SeleniumLibrary">
<arg>dt_login_button</arg>
<arg>10</arg>
<doc>Waits until the element ``locator`` appears on the current page.</doc>
<status status="PASS" starttime="20230613 15:24:35.840" endtime="20230613 15:24:36.021"/>
</kw>
<kw name="Click Element" library="SeleniumLibrary">
<arg>dt_login_button</arg>
<doc>Click the element identified by ``locator``.</doc>
<msg timestamp="20230613 15:24:36.022" level="INFO">Clicking element 'dt_login_button'.</msg>
<status status="PASS" starttime="20230613 15:24:36.021" endtime="20230613 15:24:38.878"/>
</kw>
<kw name="Wait Until Page Contains Element" library="SeleniumLibrary">
<arg>txtEmail</arg>
<arg>10</arg>
<doc>Waits until the element ``locator`` appears on the current page.</doc>
<status status="PASS" starttime="20230613 15:24:38.879" endtime="20230613 15:24:38.900"/>
</kw>
<kw name="Input Text" library="SeleniumLibrary">
<arg>txtEmail</arg>
<arg>amarnath@besquare.com.my</arg>
<doc>Types the given ``text`` into the text field identified by ``locator``.</doc>
<msg timestamp="20230613 15:24:38.901" level="INFO">Typing text 'amarnath@besquare.com.my' into text field 'txtEmail'.</msg>
<status status="PASS" starttime="20230613 15:24:38.900" endtime="20230613 15:24:38.982"/>
</kw>
<kw name="Input Password" library="SeleniumLibrary">
<arg>txtPass</arg>
<arg>Mikecool911</arg>
<doc>Types the given password into the text field identified by ``locator``.</doc>
<msg timestamp="20230613 15:24:38.983" level="INFO">Typing password into text field 'txtPass'.</msg>
<msg timestamp="20230613 15:24:39.012" level="INFO">Temporally setting log level to: NONE</msg>
<msg timestamp="20230613 15:24:39.046" level="INFO">Log level changed from NONE to INFO.</msg>
<status status="PASS" starttime="20230613 15:24:38.982" endtime="20230613 15:24:39.046"/>
</kw>
<kw name="Click Element" library="SeleniumLibrary">
<arg>//button[@name="login"]</arg>
<doc>Click the element identified by ``locator``.</doc>
<msg timestamp="20230613 15:24:39.048" level="INFO">Clicking element '//button[@name="login"]'.</msg>
<status status="PASS" starttime="20230613 15:24:39.046" endtime="20230613 15:24:56.866"/>
</kw>
<kw name="Wait Until Element Is Visible" library="SeleniumLibrary">
<arg>${account_settings}</arg>
<arg>10</arg>
<doc>Waits until the element ``locator`` is visible.</doc>
<status status="PASS" starttime="20230613 15:24:56.867" endtime="20230613 15:24:56.894"/>
</kw>
<kw name="Click Element" library="SeleniumLibrary">
<arg>${account_settings}</arg>
<doc>Click the element identified by ``locator``.</doc>
<msg timestamp="20230613 15:24:56.895" level="INFO">Clicking element '//a[@class="trading-hub-header__setting"]'.</msg>
<status status="PASS" starttime="20230613 15:24:56.894" endtime="20230613 15:24:57.048"/>
</kw>
<kw name="Wait Until Element Is Visible" library="SeleniumLibrary">
<arg>${close-account}</arg>
<arg>10</arg>
<doc>Waits until the element ``locator`` is visible.</doc>
<msg timestamp="20230613 15:25:07.854" level="INFO" html="true">&lt;/td&gt;&lt;/tr&gt;&lt;tr&gt;&lt;td colspan="3"&gt;&lt;a href="selenium-screenshot-11.png"&gt;&lt;img src="selenium-screenshot-11.png" width="800px"&gt;&lt;/a&gt;</msg>
<msg timestamp="20230613 15:25:07.854" level="FAIL">Element '//a[@href="/account/closing-account"]' not visible after 10 seconds.</msg>
<status status="FAIL" starttime="20230613 15:24:57.048" endtime="20230613 15:25:07.859"/>
</kw>
<kw name="Click Element" library="SeleniumLibrary">
<arg>${close-account}</arg>
<doc>Click the element identified by ``locator``.</doc>
<status status="NOT RUN" starttime="20230613 15:25:07.859" endtime="20230613 15:25:07.859"/>
</kw>
<kw name="Page Should Contain" library="SeleniumLibrary">
<arg>Are you sure?</arg>
<doc>Verifies that current page contains ``text``.</doc>
<status status="NOT RUN" starttime="20230613 15:25:07.859" endtime="20230613 15:25:07.859"/>
</kw>
<kw name="Wait Until Element Is Visible" library="SeleniumLibrary">
<arg>${security_privacy_pdf}</arg>
<arg>10</arg>
<doc>Waits until the element ``locator`` is visible.</doc>
<status status="NOT RUN" starttime="20230613 15:25:07.859" endtime="20230613 15:25:07.859"/>
</kw>
<kw name="Click Element" library="SeleniumLibrary">
<arg>${close_account_btn}</arg>
<doc>Click the element identified by ``locator``.</doc>
<status status="NOT RUN" starttime="20230613 15:25:07.859" endtime="20230613 15:25:07.859"/>
</kw>
<kw name="Wait Until Element Is Visible" library="SeleniumLibrary">
<arg>${checkbox1}</arg>
<arg>10</arg>
<doc>Waits until the element ``locator`` is visible.</doc>
<status status="NOT RUN" starttime="20230613 15:25:07.860" endtime="20230613 15:25:07.860"/>
</kw>
<kw name="Click Element" library="SeleniumLibrary">
<arg>${checkbox1}</arg>
<doc>Click the element identified by ``locator``.</doc>
<status status="NOT RUN" starttime="20230613 15:25:07.860" endtime="20230613 15:25:07.860"/>
</kw>
<kw name="Element Should Be Enabled" library="SeleniumLibrary">
<arg>${checkbox1}</arg>
<doc>Verifies that element identified by ``locator`` is enabled.</doc>
<status status="NOT RUN" starttime="20230613 15:25:07.860" endtime="20230613 15:25:07.860"/>
</kw>
<kw name="Wait Until Element Is Enabled" library="SeleniumLibrary">
<arg>${checkbox1}</arg>
<arg>10</arg>
<doc>Waits until the element ``locator`` is enabled.</doc>
<status status="NOT RUN" starttime="20230613 15:25:07.860" endtime="20230613 15:25:07.860"/>
</kw>
<kw name="Click Element" library="SeleniumLibrary">
<arg>${checkbox2}</arg>
<doc>Click the element identified by ``locator``.</doc>
<status status="NOT RUN" starttime="20230613 15:25:07.860" endtime="20230613 15:25:07.860"/>
</kw>
<kw name="Element Should Be Enabled" library="SeleniumLibrary">
<arg>${checkbox2}</arg>
<doc>Verifies that element identified by ``locator`` is enabled.</doc>
<status status="NOT RUN" starttime="20230613 15:25:07.860" endtime="20230613 15:25:07.860"/>
</kw>
<kw name="Wait Until Element Is Enabled" library="SeleniumLibrary">
<arg>${checkbox2}</arg>
<arg>10</arg>
<doc>Waits until the element ``locator`` is enabled.</doc>
<status status="NOT RUN" starttime="20230613 15:25:07.860" endtime="20230613 15:25:07.860"/>
</kw>
<kw name="Click Element" library="SeleniumLibrary">
<arg>${checkbox3}</arg>
<doc>Click the element identified by ``locator``.</doc>
<status status="NOT RUN" starttime="20230613 15:25:07.860" endtime="20230613 15:25:07.860"/>
</kw>
<kw name="Element Should Be Enabled" library="SeleniumLibrary">
<arg>${checkbox3}</arg>
<doc>Verifies that element identified by ``locator`` is enabled.</doc>
<status status="NOT RUN" starttime="20230613 15:25:07.860" endtime="20230613 15:25:07.860"/>
</kw>
<kw name="Wait Until Element Is Enabled" library="SeleniumLibrary">
<arg>${checkbox3}</arg>
<arg>10</arg>
<doc>Waits until the element ``locator`` is enabled.</doc>
<status status="NOT RUN" starttime="20230613 15:25:07.860" endtime="20230613 15:25:07.860"/>
</kw>
<kw name="Page Should Contain Element" library="SeleniumLibrary">
