<?xml version="1.0" encoding="UTF-8"?>
<robot generator="Robot 6.0.2 (Python 3.10.6 on linux)" generated="20230613 14:03:14.521" rpa="false" schemaversion="3">
<suite id="s1" name="Besquare 2023" source="/home/amarnath/Desktop/besquare_2023">
<suite id="s1-s1" name="Project2" source="/home/amarnath/Desktop/besquare_2023/Project2">
<suite id="s1-s1-s1" name="Project2" source="/home/amarnath/Desktop/besquare_2023/Project2/Project2.robot">
<test id="s1-s1-s1-t1" name="TC_04: Users include special characters other than the “ . , ' - “ inside the further informations field" line="104">
<kw name="Open Browser" library="SeleniumLibrary">
<arg>https://app.deriv.com</arg>
<arg>chrome</arg>
<doc>Opens a new browser instance to the optional ``url``.</doc>
<msg timestamp="20230613 14:03:14.644" level="INFO">Opening browser 'chrome' to base url 'https://app.deriv.com'.</msg>
<status status="PASS" starttime="20230613 14:03:14.643" endtime="20230613 14:03:18.568"/>
</kw>
<kw name="Maximize Browser Window" library="SeleniumLibrary">
<doc>Maximizes current browser window.</doc>
<status status="PASS" starttime="20230613 14:03:18.569" endtime="20230613 14:03:18.673"/>
</kw>
<kw name="Wait Until Page Contains Element" library="SeleniumLibrary">
<arg>dt_login_button</arg>
<arg>10</arg>
<doc>Waits until the element ``locator`` appears on the current page.</doc>
<status status="PASS" starttime="20230613 14:03:18.674" endtime="20230613 14:03:18.691"/>
</kw>
<kw name="Click Element" library="SeleniumLibrary">
<arg>dt_login_button</arg>
<doc>Click the element identified by ``locator``.</doc>
<msg timestamp="20230613 14:03:18.693" level="INFO">Clicking element 'dt_login_button'.</msg>
<status status="PASS" starttime="20230613 14:03:18.692" endtime="20230613 14:03:21.131"/>
</kw>
<kw name="Wait Until Page Contains Element" library="SeleniumLibrary">
<arg>txtEmail</arg>
<arg>10</arg>
<doc>Waits until the element ``locator`` appears on the current page.</doc>
<status status="PASS" starttime="20230613 14:03:21.132" endtime="20230613 14:03:21.145"/>
</kw>
<kw name="Input Text" library="SeleniumLibrary">
<arg>txtEmail</arg>
<arg>amarnath@besquare.com.my</arg>
<doc>Types the given ``text`` into the text field identified by ``locator``.</doc>
<msg timestamp="20230613 14:03:21.146" level="INFO">Typing text 'amarnath@besquare.com.my' into text field 'txtEmail'.</msg>
<status status="PASS" starttime="20230613 14:03:21.145" endtime="20230613 14:03:21.223"/>
</kw>
<kw name="Input Password" library="SeleniumLibrary">
<arg>txtPass</arg>
<arg>Mikecool911</arg>
<doc>Types the given password into the text field identified by ``locator``.</doc>
<msg timestamp="20230613 14:03:21.224" level="INFO">Typing password into text field 'txtPass'.</msg>
<msg timestamp="20230613 14:03:21.253" level="INFO">Temporally setting log level to: NONE</msg>
<msg timestamp="20230613 14:03:21.290" level="INFO">Log level changed from NONE to INFO.</msg>
<status status="PASS" starttime="20230613 14:03:21.223" endtime="20230613 14:03:21.290"/>
</kw>
<kw name="Click Element" library="SeleniumLibrary">
<arg>//button[@name="login"]</arg>
<doc>Click the element identified by ``locator``.</doc>
<msg timestamp="20230613 14:03:21.292" level="INFO">Clicking element '//button[@name="login"]'.</msg>
<status status="PASS" starttime="20230613 14:03:21.291" endtime="20230613 14:03:24.744"/>
</kw>
<kw name="Wait Until Element Is Visible" library="SeleniumLibrary">
<arg>${account_settings}</arg>
<arg>10</arg>
<doc>Waits until the element ``locator`` is visible.</doc>
<status status="PASS" starttime="20230613 14:03:24.745" endtime="20230613 14:03:24.774"/>
</kw>
<kw name="Click Element" library="SeleniumLibrary">
<arg>${account_settings}</arg>
<doc>Click the element identified by ``locator``.</doc>
<msg timestamp="20230613 14:03:24.775" level="INFO">Clicking element '//a[@class="trading-hub-header__setting"]'.</msg>
<status status="PASS" starttime="20230613 14:03:24.775" endtime="20230613 14:03:24.892"/>
</kw>
<kw name="Wait Until Element Is Visible" library="SeleniumLibrary">
<arg>${close-account}</arg>
<arg>10</arg>
<doc>Waits until the element ``locator`` is visible.</doc>
<status status="PASS" starttime="20230613 14:03:24.893" endtime="20230613 14:03:25.904"/>
</kw>
<kw name="Click Element" library="SeleniumLibrary">
<arg>${close-account}</arg>
<doc>Click the element identified by ``locator``.</doc>
<msg timestamp="20230613 14:03:25.905" level="INFO">Clicking element '//a[@href="/account/closing-account"]'.</msg>
<status status="PASS" starttime="20230613 14:03:25.905" endtime="20230613 14:03:26.032"/>
</kw>
<kw name="Page Should Contain" library="SeleniumLibrary">
<arg>Are you sure?</arg>
<doc>Verifies that current page contains ``text``.</doc>
<msg timestamp="20230613 14:03:26.085" level="INFO">Current page contains text 'Are you sure?'.</msg>
<status status="PASS" starttime="20230613 14:03:26.032" endtime="20230613 14:03:26.086"/>
</kw>
<kw name="Wait Until Element Is Visible" library="SeleniumLibrary">
<arg>${security_privacy_pdf}</arg>
<arg>10</arg>
<doc>Waits until the element ``locator`` is visible.</doc>
<status status="PASS" starttime="20230613 14:03:26.086" endtime="20230613 14:03:26.116"/>
</kw>
<kw name="Click Element" library="SeleniumLibrary">
<arg>${close_account_btn}</arg>
<doc>Click the element identified by ``locator``.</doc>
<msg timestamp="20230613 14:03:26.117" level="INFO">Clicking element '//button[@class="dc-btn dc-btn--primary dc-btn__large closing-account__button--close-account"]'.</msg>
<status status="PASS" starttime="20230613 14:03:26.116" endtime="20230613 14:03:26.199"/>
</kw>
<kw name="Wait Until Element Is Visible" library="SeleniumLibrary">
<arg>${checkbox1}</arg>
<arg>10</arg>
<doc>Waits until the element ``locator`` is visible.</doc>
<status status="PASS" starttime="20230613 14:03:26.199" endtime="20230613 14:03:26.226"/>
</kw>
<kw name="Click Element" library="SeleniumLibrary">
<arg>${checkbox1}</arg>
<doc>Click the element identified by ``locator``.</doc>
<msg timestamp="20230613 14:03:26.227" level="INFO">Clicking element '//*[@name="financial-priorities"]//parent::label'.</msg>
<status status="PASS" starttime="20230613 14:03:26.226" endtime="20230613 14:03:26.270"/>
</kw>
<kw name="Click Element" library="SeleniumLibrary">
<arg>${checkbox2}</arg>
<doc>Click the element identified by ``locator``.</doc>
<msg timestamp="20230613 14:03:26.271" level="INFO">Clicking element '//*[@name="stop-trading"]//parent::label'.</msg>
<status status="PASS" starttime="20230613 14:03:26.270" endtime="20230613 14:03:26.328"/>
</kw>
<kw name="Click Element" library="SeleniumLibrary">
<arg>${checkbox3}</arg>
<doc>Click the element identified by ``locator``.</doc>
<msg timestamp="20230613 14:03:26.330" level="INFO">Clicking element '//*[@name="not-interested"]//parent::label'.</msg>
<status status="PASS" starttime="20230613 14:03:26.329" endtime="20230613 14:03:26.384"/>
</kw>
<kw name="Wait Until Element Is Visible" library="SeleniumLibrary">
<arg>${feedback_other_trading_platform}</arg>
<doc>Waits until the element ``locator`` is visible.</doc>
<status status="PASS" starttime="20230613 14:03:26.385" endtime="20230613 14:03:26.407"/>
</kw>
<kw name="Input Text" library="SeleniumLibrary">
<arg>${feedback_other_trading_platform}</arg>
<arg>Because i'm switching to OCTAFX@%^$%</arg>
<doc>Types the given ``text`` into the text field identified by ``locator``.</doc>
<msg timestamp="20230613 14:03:26.408" level="INFO">Typing text 'Because i'm switching to OCTAFX@%^$%' into text field '//textarea[@name="other_trading_platforms"]'.</msg>
<status status="PASS" starttime="20230613 14:03:26.408" endtime="20230613 14:03:26.612"/>
</kw>
<kw name="Wait Until Element Is Visible" library="SeleniumLibrary">
<arg>${feedback_improve}</arg>
<doc>Waits until the element ``locator`` is visible.</doc>
<status status="PASS" starttime="20230613 14:03:26.613" endtime="20230613 14:03:26.667"/>
</kw>
<kw name="Input Text" library="SeleniumLibrary">
<arg>${feedback_improve}</arg>
<arg>Maybe can change the deriv logo color to blue$^&amp;*^$$&amp;</arg>
<doc>Types the given ``text`` into the text field identified by ``locator``.</doc>
<msg timestamp="20230613 14:03:26.668" level="INFO">Typing text 'Maybe can change the deriv logo color to blue$^&amp;*^$$&amp;' into text field '//textarea[@name="do_to_improve"]'.</msg>
<status status="PASS" starttime="20230613 14:03:26.667" endtime="20230613 14:03:26.875"/>
</kw>
<kw name="Sleep" library="BuiltIn">
<arg>10</arg>
<doc>Pauses the test executed for the given time.</doc>
<msg timestamp="20230613 14:03:36.876" level="INFO">Slept 10 seconds</msg>
<status status="PASS" starttime="20230613 14:03:26.876" endtime="20230613 14:03:36.877"/>
</kw>
<status status="PASS" starttime="20230613 14:03:14.642" endtime="20230613 14:03:36.878"/>
</test>
<doc>Closing Account</doc>
<status status="PASS" starttime="20230613 14:03:14.539" endtime="20230613 14:03:36.881"/>
</suite>
<status status="PASS" starttime="20230613 14:03:14.537" endtime="20230613 14:03:36.885"/>
</suite>
<status status="PASS" starttime="20230613 14:03:14.525" endtime="20230613 14:03:36.889"/>
</suite>
<statistics>
<total>
<stat pass="1" fail="0" skip="0">All Tests</stat>
</total>
<tag>
</tag>
<suite>
<stat pass="1" fail="0" skip="0" id="s1" name="Besquare 2023">Besquare 2023</stat>
<stat pass="1" fail="0" skip="0" id="s1-s1" name="Project2">Besquare 2023.Project2</stat>
<stat pass="1" fail="0" skip="0" id="s1-s1-s1" name="Project2">Besquare 2023.Project2.Project2</stat>
</suite>
</statistics>
<errors>
</errors>
</robot>
