<?xml version="1.0" encoding="UTF-8"?>
<robot generator="Robot 6.0.2 (Python 3.10.6 on linux)" generated="20230612 14:26:53.129" rpa="false" schemaversion="3">
<suite id="s1" name="Test" source="/home/amarnath/Desktop/besquare_2023/test.robot">
<test id="s1-t1" name="Check Traders Menu" line="118">
<kw name="Go To Homepage">
<kw name="Chrome Headless">
<kw name="Set Chrome Options">
<var>${chrome_options}</var>
<doc>Set Chrome options for headless mode</doc>
<kw name="Evaluate" library="BuiltIn">
<var>${options}</var>
<arg>sys.modules['selenium.webdriver'].ChromeOptions()</arg>
<arg>sys, selenium.webdriver</arg>
<doc>Evaluates the given expression in Python and returns the result.</doc>
<msg timestamp="20230612 14:26:53.320" level="INFO">${options} = &lt;selenium.webdriver.chrome.options.Options object at 0x7f5c955ab8b0&gt;</msg>
<status status="PASS" starttime="20230612 14:26:53.319" endtime="20230612 14:26:53.320"/>
</kw>
<for flavor="IN">
<var>${option}</var>
<value>@{chrome_arguments}</value>
<iter>
<var name="${option}">--disable-infobars</var>
<kw name="Call Method" library="BuiltIn">
<arg>${options}</arg>
<arg>add_argument</arg>
<arg>${option}</arg>
<doc>Calls the named method of the given object with the provided arguments.</doc>
<status status="PASS" starttime="20230612 14:26:53.320" endtime="20230612 14:26:53.320"/>
</kw>
<status status="PASS" starttime="20230612 14:26:53.320" endtime="20230612 14:26:53.320"/>
</iter>
<iter>
<var name="${option}">--headless</var>
<kw name="Call Method" library="BuiltIn">
<arg>${options}</arg>
<arg>add_argument</arg>
<arg>${option}</arg>
<doc>Calls the named method of the given object with the provided arguments.</doc>
<status status="PASS" starttime="20230612 14:26:53.320" endtime="20230612 14:26:53.320"/>
</kw>
<status status="PASS" starttime="20230612 14:26:53.320" endtime="20230612 14:26:53.320"/>
</iter>
<iter>
<var name="${option}">--disable-gpu</var>
<kw name="Call Method" library="BuiltIn">
<arg>${options}</arg>
<arg>add_argument</arg>
<arg>${option}</arg>
<doc>Calls the named method of the given object with the provided arguments.</doc>
<status status="PASS" starttime="20230612 14:26:53.321" endtime="20230612 14:26:53.321"/>
</kw>
<status status="PASS" starttime="20230612 14:26:53.320" endtime="20230612 14:26:53.321"/>
</iter>
<iter>
<var name="${option}">--window-size=1280,1024</var>
<kw name="Call Method" library="BuiltIn">
<arg>${options}</arg>
<arg>add_argument</arg>
<arg>${option}</arg>
<doc>Calls the named method of the given object with the provided arguments.</doc>
<status status="PASS" starttime="20230612 14:26:53.321" endtime="20230612 14:26:53.321"/>
</kw>
<status status="PASS" starttime="20230612 14:26:53.321" endtime="20230612 14:26:53.321"/>
</iter>
<status status="PASS" starttime="20230612 14:26:53.320" endtime="20230612 14:26:53.321"/>
</for>
<msg timestamp="20230612 14:26:53.321" level="INFO">${chrome_options} = &lt;selenium.webdriver.chrome.options.Options object at 0x7f5c955ab8b0&gt;</msg>
<status status="PASS" starttime="20230612 14:26:53.319" endtime="20230612 14:26:53.321"/>
</kw>
<kw name="Create Webdriver" library="SeleniumLibrary">
<arg>Chrome</arg>
<arg>chrome_options=${chrome_options}</arg>
<doc>Creates an instance of Selenium WebDriver.</doc>
<msg timestamp="20230612 14:26:53.321" level="INFO">Creating an instance of the Chrome WebDriver.</msg>
<status status="PASS" starttime="20230612 14:26:53.321" endtime="20230612 14:26:53.937"/>
</kw>
<status status="PASS" starttime="20230612 14:26:53.319" endtime="20230612 14:26:53.937"/>
</kw>
<kw name="Go To" library="SeleniumLibrary">
<arg>${HOME URL}</arg>
<doc>Navigates the current browser window to the provided ``url``.</doc>
<msg timestamp="20230612 14:26:53.937" level="INFO">Opening url 'https://deriv.com'</msg>
<status status="PASS" starttime="20230612 14:26:53.937" endtime="20230612 14:26:55.274"/>
</kw>
<kw name="Set Window Size" library="SeleniumLibrary">
<arg>1300</arg>
<arg>800</arg>
<doc>Sets current windows size to given ``width`` and ``height``.</doc>
<status status="PASS" starttime="20230612 14:26:55.274" endtime="20230612 14:26:55.378"/>
</kw>
<kw name="Wait Until Page Contains Element" library="SeleniumLibrary">
<arg>dm-nav-login-button</arg>
<doc>Waits until the element ``locator`` appears on the current page.</doc>
<status status="PASS" starttime="20230612 14:26:55.379" endtime="20230612 14:26:55.392"/>
</kw>
<status status="PASS" starttime="20230612 14:26:53.319" endtime="20230612 14:26:55.392"/>
</kw>
<kw name="Open Trade Menu">
<kw name="Click Element" library="SeleniumLibrary">
<arg>//p[text()="Trade"]</arg>
<doc>Click the element identified by ``locator``.</doc>
<msg timestamp="20230612 14:26:55.393" level="INFO">Clicking element '//p[text()="Trade"]'.</msg>
<status status="PASS" starttime="20230612 14:26:55.393" endtime="20230612 14:26:55.478"/>
</kw>
<kw name="Wait Until Page Contains" library="SeleniumLibrary">
<arg>Trade types</arg>
<doc>Waits until ``text`` appears on the current page.</doc>
<status status="PASS" starttime="20230612 14:26:55.478" endtime="20230612 14:26:55.503"/>
</kw>
<kw name="Mouse Over" library="SeleniumLibrary">
<arg>//p[text()="Trade"]</arg>
<doc>Simulates hovering the mouse over the element ``locator``.</doc>
<msg timestamp="20230612 14:26:55.503" level="INFO">Simulating Mouse Over on element '//p[text()="Trade"]'.</msg>
<status status="PASS" starttime="20230612 14:26:55.503" endtime="20230612 14:26:55.779"/>
</kw>
<status status="PASS" starttime="20230612 14:26:55.392" endtime="20230612 14:26:55.779"/>
</kw>
<kw name="Check Trade Types">
<kw name="Page Should Contain Element" library="SeleniumLibrary">
<arg>${CFDs}</arg>
<doc>Verifies that element ``locator`` is found on the current page.</doc>
<msg timestamp="20230612 14:26:55.797" level="INFO">Current page contains element '//h2[text()= "CFDs"]'.</msg>
<status status="PASS" starttime="20230612 14:26:55.779" endtime="20230612 14:26:55.797"/>
</kw>
<kw name="Page Should Contain" library="SeleniumLibrary">
<arg>Trade with leverage and tight spreads for better returns on successful trades.</arg>
<doc>Verifies that current page contains ``text``.</doc>
<msg timestamp="20230612 14:26:55.812" level="INFO">Current page contains text 'Trade with leverage and tight spreads for better returns on successful trades.'.</msg>
<status status="PASS" starttime="20230612 14:26:55.797" endtime="20230612 14:26:55.812"/>
</kw>
<kw name="Page Should Contain Element" library="SeleniumLibrary">
<arg>${options}</arg>
<doc>Verifies that element ``locator`` is found on the current page.</doc>
<msg timestamp="20230612 14:26:55.820" level="INFO">Current page contains element '//h2[text()="Options"]'.</msg>
<status status="PASS" starttime="20230612 14:26:55.812" endtime="20230612 14:26:55.820"/>
</kw>
<kw name="Page Should Contain" library="SeleniumLibrary">
<arg>Earn a range of payouts without risking more than your initial stake.</arg>
<doc>Verifies that current page contains ``text``.</doc>
<msg timestamp="20230612 14:26:55.830" level="INFO">Current page contains text 'Earn a range of payouts without risking more than your initial stake.'.</msg>
<status status="PASS" starttime="20230612 14:26:55.820" endtime="20230612 14:26:55.830"/>
</kw>
<kw name="Page Should Contain Element" library="SeleniumLibrary">
<arg>${multiplier}</arg>
<doc>Verifies that element ``locator`` is found on the current page.</doc>
<msg timestamp="20230612 14:26:55.838" level="INFO">Current page contains element '//h2[text()="Multipliers"]'.</msg>
<status status="PASS" starttime="20230612 14:26:55.830" endtime="20230612 14:26:55.838"/>
</kw>
<kw name="Page Should Contain" library="SeleniumLibrary">
<arg>Get the upside of CFDs without the downside of losing more than your stake.</arg>
<doc>Verifies that current page contains ``text``.</doc>
<msg timestamp="20230612 14:26:55.848" level="INFO">Current page contains text 'Get the upside of CFDs without the downside of losing more than your stake.'.</msg>
<status status="PASS" starttime="20230612 14:26:55.838" endtime="20230612 14:26:55.849"/>
</kw>
<status status="PASS" starttime="20230612 14:26:55.779" endtime="20230612 14:26:55.849"/>
</kw>
<kw name="Check Trading Platforms">
<kw name="Page Should Contain Element" library="SeleniumLibrary">
<arg>${deriv_mt5}</arg>
<doc>Verifies that element ``locator`` is found on the current page.</doc>
<msg timestamp="20230612 14:26:55.858" level="INFO">Current page contains element '//h2[text() = "deriv MT5"]'.</msg>
<status status="PASS" starttime="20230612 14:26:55.849" endtime="20230612 14:26:55.858"/>
</kw>
<kw name="Page Should Contain" library="SeleniumLibrary">
<arg>Trade on Deriv MT5, the all-in-one CFD trading platform.</arg>
<doc>Verifies that current page contains ``text``.</doc>
<msg timestamp="20230612 14:26:55.873" level="INFO">Current page contains text 'Trade on Deriv MT5, the all-in-one CFD trading platform.'.</msg>
<status status="PASS" starttime="20230612 14:26:55.858" endtime="20230612 14:26:55.873"/>
</kw>
<kw name="Page Should Contain Element" library="SeleniumLibrary">
<arg>${derivx}</arg>
<doc>Verifies that element ``locator`` is found on the current page.</doc>
<msg timestamp="20230612 14:26:55.880" level="INFO">Current page contains element '//h2[text() = "deriv X"]'.</msg>
<status status="PASS" starttime="20230612 14:26:55.873" endtime="20230612 14:26:55.880"/>
</kw>
<kw name="Page Should Contain" library="SeleniumLibrary">
<arg>A highly customisable and easy-to-use CFD trading platform.</arg>
<doc>Verifies that current page contains ``text``.</doc>
<msg timestamp="20230612 14:26:55.891" level="INFO">Current page contains text 'A highly customisable and easy-to-use CFD trading platform.'.</msg>
<status status="PASS" starttime="20230612 14:26:55.880" endtime="20230612 14:26:55.891"/>
</kw>
<kw name="Page Should Contain Element" library="SeleniumLibrary">
<arg>${deriv_ez}</arg>
<doc>Verifies that element ``locator`` is found on the current page.</doc>
<msg timestamp="20230612 14:26:55.899" level="INFO">Current page contains element '//h2[text() = "deriv EZ"]'.</msg>
<status status="PASS" starttime="20230612 14:26:55.891" endtime="20230612 14:26:55.899"/>
</kw>
<kw name="Page Should Contain" library="SeleniumLibrary">
<arg>Trade on global markets from anywhere with our mobile-first CFD trading platform.</arg>
<doc>Verifies that current page contains ``text``.</doc>
<msg timestamp="20230612 14:26:55.910" level="INFO">Current page contains text 'Trade on global markets from anywhere with our mobile-first CFD trading platform.'.</msg>
<status status="PASS" starttime="20230612 14:26:55.899" endtime="20230612 14:26:55.910"/>
</kw>
<kw name="Page Should Contain Element" library="SeleniumLibrary">
<arg>${smart_trader}</arg>
<doc>Verifies that element ``locator`` is found on the current page.</doc>
<msg timestamp="20230612 14:26:55.917" level="INFO">Current page contains element '//h2[text() = "SmartTrader"]'.</msg>
<status status="PASS" starttime="20230612 14:26:55.910" endtime="20230612 14:26:55.917"/>
</kw>
<kw name="Page Should Contain" library="SeleniumLibrary">
<arg>Trade the world’s markets with our popular user-friendly platform.</arg>
<doc>Verifies that current page contains ``text``.</doc>
<msg timestamp="20230612 14:26:55.928" level="INFO">Current page contains text 'Trade the world’s markets with our popular user-friendly platform.'.</msg>
<status status="PASS" starttime="20230612 14:26:55.917" endtime="20230612 14:26:55.928"/>
</kw>
<kw name="Page Should Contain Element" library="SeleniumLibrary">
<arg>${deriv_trader}</arg>
<doc>Verifies that element ``locator`` is found on the current page.</doc>
<msg timestamp="20230612 14:26:55.935" level="INFO">Current page contains element '//h2[text() = "deriv Trader"]'.</msg>
<status status="PASS" starttime="20230612 14:26:55.928" endtime="20230612 14:26:55.935"/>
</kw>
<kw name="Page Should Contain" library="SeleniumLibrary">
<arg>A whole new trading experience on a powerful yet easy to use platform.</arg>
<doc>Verifies that current page contains ``text``.</doc>
<msg timestamp="20230612 14:26:55.947" level="INFO">Current page contains text 'A whole new trading experience on a powerful yet easy to use platform.'.</msg>
<status status="PASS" starttime="20230612 14:26:55.936" endtime="20230612 14:26:55.947"/>
</kw>
<kw name="Page Should Contain Element" library="SeleniumLibrary">
<arg>${deriv_go}</arg>
<doc>Verifies that element ``locator`` is found on the current page.</doc>
<msg timestamp="20230612 14:26:55.956" level="INFO">Current page contains element '//h2[text() = "deriv GO"]'.</msg>
<status status="PASS" starttime="20230612 14:26:55.947" endtime="20230612 14:26:55.956"/>
</kw>
<kw name="Page Should Contain" library="SeleniumLibrary">
<arg>Trade multipliers on forex, cryptocurrencies, and synthetic indices with our mobile app.</arg>
<doc>Verifies that current page contains ``text``.</doc>
<msg timestamp="20230612 14:26:55.967" level="INFO">Current page contains text 'Trade multipliers on forex, cryptocurrencies, and synthetic indices with our mobile app.'.</msg>
<status status="PASS" starttime="20230612 14:26:55.956" endtime="20230612 14:26:55.967"/>
</kw>
<kw name="Page Should Contain Element" library="SeleniumLibrary">
<arg>${deriv_bot}</arg>
<doc>Verifies that element ``locator`` is found on the current page.</doc>
<msg timestamp="20230612 14:26:55.974" level="INFO">Current page contains element '//h2[text() = "deriv Bot"]'.</msg>
<status status="PASS" starttime="20230612 14:26:55.967" endtime="20230612 14:26:55.974"/>
</kw>
<kw name="Page Should Contain" library="SeleniumLibrary">
<arg>Automated trading at your fingertips. No coding needed.</arg>
<doc>Verifies that current page contains ``text``.</doc>
<msg timestamp="20230612 14:26:55.985" level="INFO">Current page contains text 'Automated trading at your fingertips. No coding needed.'.</msg>
<status status="PASS" starttime="20230612 14:26:55.974" endtime="20230612 14:26:55.985"/>
</kw>
<kw name="Page Should Contain Element" library="SeleniumLibrary">
<arg>${binary_bot}</arg>
<doc>Verifies that element ``locator`` is found on the current page.</doc>
<msg timestamp="20230612 14:26:55.994" level="INFO">Current page contains element '//h2[text() = "Binary Bot"]'.</msg>
<status status="PASS" starttime="20230612 14:26:55.986" endtime="20230612 14:26:55.994"/>
</kw>
<kw name="Page Should Contain" library="SeleniumLibrary">
<arg>Our classic "drag-and-drop" tool for creating trading bots, featuring pop-up trading charts, for advanced users.</arg>
<doc>Verifies that current page contains ``text``.</doc>
<msg timestamp="20230612 14:26:56.004" level="INFO">Current page contains text 'Our classic "drag-and-drop" tool for creating trading bots, featuring pop-up trading charts, for advanced users.'.</msg>
<status status="PASS" starttime="20230612 14:26:55.994" endtime="20230612 14:26:56.004"/>
</kw>
<status status="PASS" starttime="20230612 14:26:55.849" endtime="20230612 14:26:56.004"/>
</kw>
<status status="PASS" starttime="20230612 14:26:53.318" endtime="20230612 14:26:56.004"/>
</test>
<test id="s1-t2" name="Check Deriv Life" line="125">
<kw name="Go To Homepage">
<kw name="Chrome Headless">
<kw name="Set Chrome Options">
<var>${chrome_options}</var>
<doc>Set Chrome options for headless mode</doc>
<kw name="Evaluate" library="BuiltIn">
<var>${options}</var>
<arg>sys.modules['selenium.webdriver'].ChromeOptions()</arg>
<arg>sys, selenium.webdriver</arg>
<doc>Evaluates the given expression in Python and returns the result.</doc>
<msg timestamp="20230612 14:26:56.005" level="INFO">${options} = &lt;selenium.webdriver.chrome.options.Options object at 0x7f5c9561cc40&gt;</msg>
<status status="PASS" starttime="20230612 14:26:56.005" endtime="20230612 14:26:56.005"/>
</kw>
<for flavor="IN">
<var>${option}</var>
<value>@{chrome_arguments}</value>
<iter>
<var name="${option}">--disable-infobars</var>
<kw name="Call Method" library="BuiltIn">
<arg>${options}</arg>
<arg>add_argument</arg>
<arg>${option}</arg>
<doc>Calls the named method of the given object with the provided arguments.</doc>
<status status="PASS" starttime="20230612 14:26:56.006" endtime="20230612 14:26:56.006"/>
</kw>
<status status="PASS" starttime="20230612 14:26:56.006" endtime="20230612 14:26:56.006"/>
</iter>
<iter>
<var name="${option}">--headless</var>
<kw name="Call Method" library="BuiltIn">
<arg>${options}</arg>
<arg>add_argument</arg>
<arg>${option}</arg>
<doc>Calls the named method of the given object with the provided arguments.</doc>
<status status="PASS" starttime="20230612 14:26:56.006" endtime="20230612 14:26:56.006"/>
</kw>
<status status="PASS" starttime="20230612 14:26:56.006" endtime="20230612 14:26:56.006"/>
</iter>
<iter>
<var name="${option}">--disable-gpu</var>
<kw name="Call Method" library="BuiltIn">
<arg>${options}</arg>
<arg>add_argument</arg>
<arg>${option}</arg>
<doc>Calls the named method of the given object with the provided arguments.</doc>
<status status="PASS" starttime="20230612 14:26:56.006" endtime="20230612 14:26:56.006"/>
</kw>
<status status="PASS" starttime="20230612 14:26:56.006" endtime="20230612 14:26:56.006"/>
</iter>
<iter>
<var name="${option}">--window-size=1280,1024</var>
<kw name="Call Method" library="BuiltIn">
<arg>${options}</arg>
<arg>add_argument</arg>
<arg>${option}</arg>
<doc>Calls the named method of the given object with the provided arguments.</doc>
<status status="PASS" starttime="20230612 14:26:56.006" endtime="20230612 14:26:56.007"/>
</kw>
<status status="PASS" starttime="20230612 14:26:56.006" endtime="20230612 14:26:56.007"/>
</iter>
<status status="PASS" starttime="20230612 14:26:56.005" endtime="20230612 14:26:56.007"/>
</for>
<msg timestamp="20230612 14:26:56.007" level="INFO">${chrome_options} = &lt;selenium.webdriver.chrome.options.Options object at 0x7f5c9561cc40&gt;</msg>
<status status="PASS" starttime="20230612 14:26:56.005" endtime="20230612 14:26:56.007"/>
</kw>
<kw name="Create Webdriver" library="SeleniumLibrary">
<arg>Chrome</arg>
<arg>chrome_options=${chrome_options}</arg>
<doc>Creates an instance of Selenium WebDriver.</doc>
<msg timestamp="20230612 14:26:56.007" level="INFO">Creating an instance of the Chrome WebDriver.</msg>
<status status="PASS" starttime="20230612 14:26:56.007" endtime="20230612 14:26:56.624"/>
</kw>
<status status="PASS" starttime="20230612 14:26:56.005" endtime="20230612 14:26:56.624"/>
</kw>
<kw name="Go To" library="SeleniumLibrary">
<arg>${HOME URL}</arg>
<doc>Navigates the current browser window to the provided ``url``.</doc>
<msg timestamp="20230612 14:26:56.624" level="INFO">Opening url 'https://deriv.com'</msg>
<status status="PASS" starttime="20230612 14:26:56.624" endtime="20230612 14:26:58.067"/>
</kw>
<kw name="Set Window Size" library="SeleniumLibrary">
<arg>1300</arg>
<arg>800</arg>
<doc>Sets current windows size to given ``width`` and ``height``.</doc>
<status status="PASS" starttime="20230612 14:26:58.067" endtime="20230612 14:26:58.182"/>
</kw>
<kw name="Wait Until Page Contains Element" library="SeleniumLibrary">
<arg>dm-nav-login-button</arg>
<doc>Waits until the element ``locator`` appears on the current page.</doc>
<status status="PASS" starttime="20230612 14:26:58.182" endtime="20230612 14:26:58.211"/>
</kw>
<status status="PASS" starttime="20230612 14:26:56.005" endtime="20230612 14:26:58.211"/>
</kw>
<kw name="Open About US Menu">
<kw name="Click Element" library="SeleniumLibrary">
<arg>//button[@id="radix-5-trigger-_t_About us_t_"]</arg>
<doc>Click the element identified by ``locator``.</doc>
<msg timestamp="20230612 14:26:58.212" level="INFO">Clicking element '//button[@id="radix-5-trigger-_t_About us_t_"]'.</msg>
<status status="PASS" starttime="20230612 14:26:58.212" endtime="20230612 14:26:58.274"/>
</kw>
<kw name="Wait Until Page Contains Element" library="SeleniumLibrary">
<arg>//a[@href="/who-we-are/"]</arg>
<arg>30</arg>
<doc>Waits until the element ``locator`` appears on the current page.</doc>
<status status="PASS" starttime="20230612 14:26:58.274" endtime="20230612 14:26:58.298"/>
</kw>
<status status="PASS" starttime="20230612 14:26:58.211" endtime="20230612 14:26:58.298"/>
</kw>
<kw name="Click Element" library="SeleniumLibrary">
<arg>${deriv_life}</arg>
<doc>Click the element identified by ``locator``.</doc>
<msg timestamp="20230612 14:26:58.299" level="INFO">Clicking element '//*[text()="deriv life"]//parent::div'.</msg>
<status status="PASS" starttime="20230612 14:26:58.298" endtime="20230612 14:26:58.365"/>
</kw>
<kw name="Switch Window" library="SeleniumLibrary">
<arg>locator=NEW</arg>
<doc>Switches to browser window matching ``locator``.</doc>
<status status="PASS" starttime="20230612 14:26:58.365" endtime="20230612 14:26:58.600"/>
</kw>
<kw name="Page Should Contain" library="SeleniumLibrary">
<arg>Making an impact that matters</arg>
<doc>Verifies that current page contains ``text``.</doc>
<msg timestamp="20230612 14:26:59.931" level="INFO">Current page contains text 'Making an impact that matters'.</msg>
<status status="PASS" starttime="20230612 14:26:58.600" endtime="20230612 14:26:59.931"/>
</kw>
<status status="PASS" starttime="20230612 14:26:56.004" endtime="20230612 14:26:59.931"/>
</test>
<test id="s1-t3" name="Check Social Networks" line="132">
<kw name="Switch Window" library="SeleniumLibrary">
<arg>Online trading platform | Forex, commodities, synthetic indices, stocks, and stock indices | Deriv</arg>
<doc>Switches to browser window matching ``locator``.</doc>
<status status="PASS" starttime="20230612 14:26:59.932" endtime="20230612 14:26:59.947"/>
</kw>
<kw name="Scroll Element Into View" library="SeleniumLibrary">
<arg>//footer</arg>
<doc>Scrolls the element identified by ``locator`` into view.</doc>
<status status="PASS" starttime="20230612 14:26:59.947" endtime="20230612 14:27:00.228"/>
</kw>
<kw name="Page Should Contain Element" library="SeleniumLibrary">
<arg>${youtube}</arg>
<doc>Verifies that element ``locator`` is found on the current page.</doc>
<msg timestamp="20230612 14:27:00.254" level="INFO">Current page contains element '//a[@href="https://www.youtube.com/@deriv"]'.</msg>
<status status="PASS" starttime="20230612 14:27:00.228" endtime="20230612 14:27:00.254"/>
</kw>
<kw name="Page Should Contain Element" library="SeleniumLibrary">
<arg>${telegram}</arg>
<doc>Verifies that element ``locator`` is found on the current page.</doc>
<msg timestamp="20230612 14:27:00.267" level="INFO">Current page contains element '//a[@href="https://t.me/derivdotcomofficial"]'.</msg>
<status status="PASS" starttime="20230612 14:27:00.254" endtime="20230612 14:27:00.267"/>
</kw>
<kw name="Page Should Contain Element" library="SeleniumLibrary">
<arg>${facebook}</arg>
<doc>Verifies that element ``locator`` is found on the current page.</doc>
<msg timestamp="20230612 14:27:00.278" level="INFO">Current page contains element '//a[@href="https://www.facebook.com/derivdotcom"]'.</msg>
<status status="PASS" starttime="20230612 14:27:00.267" endtime="20230612 14:27:00.279"/>
</kw>
<kw name="Page Should Contain Element" library="SeleniumLibrary">
<arg>${twitter}</arg>
<doc>Verifies that element ``locator`` is found on the current page.</doc>
<msg timestamp="20230612 14:27:00.289" level="INFO">Current page contains element '//a[@href="https://twitter.com/derivdotcom/"]'.</msg>
<status status="PASS" starttime="20230612 14:27:00.279" endtime="20230612 14:27:00.289"/>
</kw>
<kw name="Page Should Contain Element" library="SeleniumLibrary">
<arg>${instagram}</arg>
<doc>Verifies that element ``locator`` is found on the current page.</doc>
<msg timestamp="20230612 14:27:00.298" level="INFO">Current page contains element '//a[@href="https://www.instagram.com/deriv_official/"]'.</msg>
<status status="PASS" starttime="20230612 14:27:00.289" endtime="20230612 14:27:00.298"/>
</kw>
<kw name="Page Should Contain Element" library="SeleniumLibrary">
<arg>${linkedin}</arg>
<doc>Verifies that element ``locator`` is found on the current page.</doc>
<msg timestamp="20230612 14:27:00.308" level="INFO">Current page contains element '//a[@href="https://www.linkedin.com/company/derivdotcom/"]'.</msg>
<status status="PASS" starttime="20230612 14:27:00.299" endtime="20230612 14:27:00.308"/>
</kw>
<status status="PASS" starttime="20230612 14:26:59.931" endtime="20230612 14:27:00.310"/>
</test>
<test id="s1-t4" name="Swap Calculator" line="143">
<kw name="Go To Swap Calculator">
<kw name="Chrome Headless">
<kw name="Set Chrome Options">
<var>${chrome_options}</var>
<doc>Set Chrome options for headless mode</doc>
<kw name="Evaluate" library="BuiltIn">
<var>${options}</var>
<arg>sys.modules['selenium.webdriver'].ChromeOptions()</arg>
<arg>sys, selenium.webdriver</arg>
<doc>Evaluates the given expression in Python and returns the result.</doc>
<msg timestamp="20230612 14:27:00.313" level="INFO">${options} = &lt;selenium.webdriver.chrome.options.Options object at 0x7f5c9561cc70&gt;</msg>
<status status="PASS" starttime="20230612 14:27:00.312" endtime="20230612 14:27:00.313"/>
</kw>
<for flavor="IN">
<var>${option}</var>
<value>@{chrome_arguments}</value>
<iter>
<var name="${option}">--disable-infobars</var>
<kw name="Call Method" library="BuiltIn">
<arg>${options}</arg>
<arg>add_argument</arg>
<arg>${option}</arg>
<doc>Calls the named method of the given object with the provided arguments.</doc>
<status status="PASS" starttime="20230612 14:27:00.313" endtime="20230612 14:27:00.313"/>
</kw>
<status status="PASS" starttime="20230612 14:27:00.313" endtime="20230612 14:27:00.313"/>
</iter>
<iter>
<var name="${option}">--headless</var>
<kw name="Call Method" library="BuiltIn">
<arg>${options}</arg>
<arg>add_argument</arg>
<arg>${option}</arg>
<doc>Calls the named method of the given object with the provided arguments.</doc>
<status status="PASS" starttime="20230612 14:27:00.313" endtime="20230612 14:27:00.313"/>
</kw>
<status status="PASS" starttime="20230612 14:27:00.313" endtime="20230612 14:27:00.313"/>
</iter>
<iter>
<var name="${option}">--disable-gpu</var>
<kw name="Call Method" library="BuiltIn">
<arg>${options}</arg>
<arg>add_argument</arg>
<arg>${option}</arg>
<doc>Calls the named method of the given object with the provided arguments.</doc>
<status status="PASS" starttime="20230612 14:27:00.313" endtime="20230612 14:27:00.314"/>
</kw>
<status status="PASS" starttime="20230612 14:27:00.313" endtime="20230612 14:27:00.314"/>
</iter>
<iter>
<var name="${option}">--window-size=1280,1024</var>
<kw name="Call Method" library="BuiltIn">
<arg>${options}</arg>
<arg>add_argument</arg>
<arg>${option}</arg>
<doc>Calls the named method of the given object with the provided arguments.</doc>
<status status="PASS" starttime="20230612 14:27:00.314" endtime="20230612 14:27:00.314"/>
</kw>
<status status="PASS" starttime="20230612 14:27:00.314" endtime="20230612 14:27:00.314"/>
</iter>
<status status="PASS" starttime="20230612 14:27:00.313" endtime="20230612 14:27:00.314"/>
</for>
<msg timestamp="20230612 14:27:00.314" level="INFO">${chrome_options} = &lt;selenium.webdriver.chrome.options.Options object at 0x7f5c9561cc70&gt;</msg>
<status status="PASS" starttime="20230612 14:27:00.312" endtime="20230612 14:27:00.314"/>
</kw>
<kw name="Create Webdriver" library="SeleniumLibrary">
<arg>Chrome</arg>
<arg>chrome_options=${chrome_options}</arg>
<doc>Creates an instance of Selenium WebDriver.</doc>
<msg timestamp="20230612 14:27:00.314" level="INFO">Creating an instance of the Chrome WebDriver.</msg>
<status status="PASS" starttime="20230612 14:27:00.314" endtime="20230612 14:27:00.902"/>
</kw>
<status status="PASS" starttime="20230612 14:27:00.312" endtime="20230612 14:27:00.902"/>
</kw>
<kw name="Go To" library="SeleniumLibrary">
<arg>${swap_calculator}</arg>
<doc>Navigates the current browser window to the provided ``url``.</doc>
<msg timestamp="20230612 14:27:00.902" level="INFO">Opening url 'https://deriv.com/trader-tools/swap-calculator/'</msg>
<status status="PASS" starttime="20230612 14:27:00.902" endtime="20230612 14:27:10.690"/>
</kw>
<kw name="Set Window Size" library="SeleniumLibrary">
<arg>1300</arg>
<arg>800</arg>
<doc>Sets current windows size to given ``width`` and ``height``.</doc>
<status status="PASS" starttime="20230612 14:27:10.690" endtime="20230612 14:27:10.794"/>
</kw>
<kw name="Wait Until Page Contains Element" library="SeleniumLibrary">
<arg>//h1[text()="Swap Calculator"]</arg>
<doc>Waits until the element ``locator`` appears on the current page.</doc>
<status status="PASS" starttime="20230612 14:27:10.795" endtime="20230612 14:27:10.813"/>
</kw>
<status status="PASS" starttime="20230612 14:27:00.312" endtime="20230612 14:27:10.814"/>
</kw>
<kw name="Scroll Element Into View" library="SeleniumLibrary">
<arg>${calculator_table}</arg>
<doc>Scrolls the element identified by ``locator`` into view.</doc>
<status status="PASS" starttime="20230612 14:27:10.814" endtime="20230612 14:27:11.098"/>
</kw>
<kw name="Switch To Financial">
<kw name="Click Element" library="SeleniumLibrary">
<arg>//p[contains(@class,"typography__Text") and text()="Financial"]</arg>
<doc>Click the element identified by ``locator``.</doc>
<msg timestamp="20230612 14:27:11.100" level="INFO">Clicking element '//p[contains(@class,"typography__Text") and text()="Financial"]'.</msg>
<status status="PASS" starttime="20230612 14:27:11.099" endtime="20230612 14:27:11.252"/>
</kw>
<status status="PASS" starttime="20230612 14:27:11.099" endtime="20230612 14:27:11.252"/>
</kw>
<kw name="Select Symbol">
<kw name="Click Element" library="SeleniumLibrary">
<arg>${symbol}</arg>
<doc>Click the element identified by ``locator``.</doc>
<msg timestamp="20230612 14:27:11.253" level="INFO">Clicking element '//ul[@id="symbol"]'.</msg>
<status status="PASS" starttime="20230612 14:27:11.252" endtime="20230612 14:27:11.301"/>
</kw>
<kw name="Click Element" library="SeleniumLibrary">
<arg>id:AUDUSD</arg>
<doc>Click the element identified by ``locator``.</doc>
<msg timestamp="20230612 14:27:11.302" level="INFO">Clicking element 'id:AUDUSD'.</msg>
<msg timestamp="20230612 14:27:11.404" level="INFO" html="true">&lt;/td&gt;&lt;/tr&gt;&lt;tr&gt;&lt;td colspan="3"&gt;&lt;a href="selenium-screenshot-22.png"&gt;&lt;img src="selenium-screenshot-22.png" width="800px"&gt;&lt;/a&gt;</msg>
<msg timestamp="20230612 14:27:11.404" level="FAIL">ElementNotInteractableException: Message: element not interactable
  (Session info: headless chrome=113.0.5672.92)
Stacktrace:
#0 0x55bf7e400133 &lt;unknown&gt;
#1 0x55bf7e1347f0 &lt;unknown&gt;
#2 0x55bf7e172524 &lt;unknown&gt;
#3 0x55bf7e1673ea &lt;unknown&gt;
#4 0x55bf7e190bd2 &lt;unknown&gt;
#5 0x55bf7e166d13 &lt;unknown&gt;
#6 0x55bf7e190d9e &lt;unknown&gt;
#7 0x55bf7e1a91c7 &lt;unknown&gt;
#8 0x55bf7e1909a3 &lt;unknown&gt;
#9 0x55bf7e16546a &lt;unknown&gt;
#10 0x55bf7e16655e &lt;unknown&gt;
#11 0x55bf7e3bfcae &lt;unknown&gt;
#12 0x55bf7e3c38fe &lt;unknown&gt;
#13 0x55bf7e3ccf20 &lt;unknown&gt;
#14 0x55bf7e3c4923 &lt;unknown&gt;
#15 0x55bf7e397c0e &lt;unknown&gt;
#16 0x55bf7e3e7b08 &lt;unknown&gt;
#17 0x55bf7e3e7c97 &lt;unknown&gt;
#18 0x55bf7e3f8113 &lt;unknown&gt;
#19 0x7f0026c94b43 &lt;unknown&gt;
</msg>
<status status="FAIL" starttime="20230612 14:27:11.301" endtime="20230612 14:27:11.405"/>
</kw>
<status status="FAIL" starttime="20230612 14:27:11.252" endtime="20230612 14:27:11.405"/>
</kw>
<kw name="Fill Form">
<arg>id:volume</arg>
<arg>100</arg>
<status status="NOT RUN" starttime="20230612 14:27:11.405" endtime="20230612 14:27:11.405"/>
</kw>
<kw name="Fill Form">
<arg>id:pointValue</arg>
<arg>10</arg>
<status status="NOT RUN" starttime="20230612 14:27:11.406" endtime="20230612 14:27:11.406"/>
</kw>
<kw name="Fill Form">
<arg>id:swapRate</arg>
<arg>0.5</arg>
<status status="NOT RUN" starttime="20230612 14:27:11.406" endtime="20230612 14:27:11.406"/>
</kw>
<kw name="Click Button" library="SeleniumLibrary">
<arg>css:[type="submit"]</arg>
<doc>Clicks the button identified by ``locator``.</doc>
<status status="NOT RUN" starttime="20230612 14:27:11.406" endtime="20230612 14:27:11.406"/>
</kw>
<kw name="Check Swap Charge">
<status status="NOT RUN" starttime="20230612 14:27:11.406" endtime="20230612 14:27:11.406"/>
</kw>
<status status="FAIL" starttime="20230612 14:27:00.311" endtime="20230612 14:27:11.406">ElementNotInteractableException: Message: element not interactable
  (Session info: headless chrome=113.0.5672.92)
Stacktrace:
#0 0x55bf7e400133 &lt;unknown&gt;
#1 0x55bf7e1347f0 &lt;unknown&gt;
#2 0x55bf7e172524 &lt;unknown&gt;
#3 0x55bf7e1673ea &lt;unknown&gt;
#4 0x55bf7e190bd2 &lt;unknown&gt;
#5 0x55bf7e166d13 &lt;unknown&gt;
#6 0x55bf7e190d9e &lt;unknown&gt;
#7 0x55bf7e1a91c7 &lt;unknown&gt;
#8 0x55bf7e1909a3 &lt;unknown&gt;
#9 0x55bf7e16546a &lt;unknown&gt;
#10 0x55bf7e16655e &lt;unknown&gt;
#11 0x55bf7e3bfcae &lt;unknown&gt;
#12 0x55bf7e3c38fe &lt;unknown&gt;
#13 0x55bf7e3ccf20 &lt;unknown&gt;
#14 0x55bf7e3c4923 &lt;unknown&gt;
#15 0x55bf7e397c0e &lt;unknown&gt;
#16 0x55bf7e3e7b08 &lt;unknown&gt;
#17 0x55bf7e3e7c97 &lt;unknown&gt;
#18 0x55bf7e3f8113 &lt;unknown&gt;
#19 0x7f0026c94b43 &lt;unknown&gt;
</status>
</test>
<status status="FAIL" starttime="20230612 14:26:53.130" endtime="20230612 14:27:11.407"/>
</suite>
<statistics>
<total>
<stat pass="3" fail="1" skip="0">All Tests</stat>
</total>
<tag>
</tag>
<suite>
<stat pass="3" fail="1" skip="0" id="s1" name="Test">Test</stat>
</suite>
</statistics>
<errors>
</errors>
</robot>
